{"/home/travis/build/npmtest/node-npmtest-ubique/test.js":{"path":"/home/travis/build/npmtest/node-npmtest-ubique/test.js","s":{"1":2,"2":2,"3":2,"4":2,"5":2,"6":2,"7":2,"8":1,"9":2,"10":2,"11":1,"12":1,"13":1,"14":1,"15":2,"16":2,"17":2,"18":2,"19":1,"20":1,"21":2,"22":2,"23":2,"24":1,"25":1,"26":1,"27":1,"28":1,"29":1,"30":1,"31":1,"32":1,"33":1,"34":1,"35":1,"36":1,"37":1,"38":1,"39":2,"40":2,"41":1,"42":2,"43":2,"44":1,"45":2,"46":2,"47":1,"48":2,"49":2,"50":1,"51":1,"52":1,"53":1,"54":1},"b":{"1":[2,1,1,1],"2":[1,1,1,1],"3":[1,1],"4":[1,1],"5":[1,1],"6":[1,1],"7":[1,1],"8":[1,1],"9":[1,1],"10":[1,1,1],"11":[1,1],"12":[1,1],"13":[1,1],"14":[1,1],"15":[1,1],"16":[1,1],"17":[1,1]},"f":{"1":2,"2":2,"3":2,"4":2,"5":2,"6":1,"7":1,"8":1,"9":2,"10":2,"11":2,"12":2,"13":1},"fnMap":{"1":{"name":"(anonymous_1)","line":12,"loc":{"start":{"line":12,"column":1},"end":{"line":12,"column":13}}},"2":{"name":"(anonymous_2)","line":19,"loc":{"start":{"line":19,"column":5},"end":{"line":19,"column":17}}},"3":{"name":"(anonymous_3)","line":23,"loc":{"start":{"line":23,"column":24},"end":{"line":23,"column":36}}},"4":{"name":"(anonymous_4)","line":61,"loc":{"start":{"line":61,"column":5},"end":{"line":61,"column":17}}},"5":{"name":"(anonymous_5)","line":82,"loc":{"start":{"line":82,"column":5},"end":{"line":82,"column":17}}},"6":{"name":"(anonymous_6)","line":91,"loc":{"start":{"line":91,"column":77},"end":{"line":94,"column":10}}},"7":{"name":"(anonymous_7)","line":112,"loc":{"start":{"line":112,"column":83},"end":{"line":115,"column":10}},"skip":true},"8":{"name":"(anonymous_8)","line":123,"loc":{"start":{"line":123,"column":77},"end":{"line":126,"column":10}},"skip":true},"9":{"name":"(anonymous_9)","line":139,"loc":{"start":{"line":139,"column":12},"end":{"line":139,"column":40}},"skip":true},"10":{"name":"(anonymous_10)","line":147,"loc":{"start":{"line":147,"column":77},"end":{"line":150,"column":10}},"skip":true},"11":{"name":"(anonymous_11)","line":158,"loc":{"start":{"line":158,"column":83},"end":{"line":161,"column":10}},"skip":true},"12":{"name":"(anonymous_12)","line":169,"loc":{"start":{"line":169,"column":79},"end":{"line":172,"column":10}},"skip":true},"13":{"name":"(anonymous_13)","line":180,"loc":{"start":{"line":180,"column":75},"end":{"line":183,"column":10}},"skip":true}},"statementMap":{"1":{"start":{"line":12,"column":0},"end":{"line":195,"column":5}},"2":{"start":{"line":14,"column":4},"end":{"line":14,"column":14}},"3":{"start":{"line":19,"column":4},"end":{"line":56,"column":9}},"4":{"start":{"line":21,"column":8},"end":{"line":21,"column":19}},"5":{"start":{"line":23,"column":8},"end":{"line":35,"column":13}},"6":{"start":{"line":24,"column":12},"end":{"line":34,"column":13}},"7":{"start":{"line":25,"column":16},"end":{"line":28,"column":30}},"8":{"start":{"line":30,"column":16},"end":{"line":33,"column":27}},"9":{"start":{"line":37,"column":8},"end":{"line":39,"column":21}},"10":{"start":{"line":40,"column":8},"end":{"line":53,"column":9}},"11":{"start":{"line":43,"column":12},"end":{"line":46,"column":14}},"12":{"start":{"line":47,"column":12},"end":{"line":47,"column":18}},"13":{"start":{"line":50,"column":12},"end":{"line":51,"column":46}},"14":{"start":{"line":52,"column":12},"end":{"line":52,"column":18}},"15":{"start":{"line":55,"column":8},"end":{"line":55,"column":35}},"16":{"start":{"line":61,"column":4},"end":{"line":63,"column":9}},"17":{"start":{"line":62,"column":8},"end":{"line":62,"column":15}},"18":{"start":{"line":64,"column":4},"end":{"line":77,"column":5}},"19":{"start":{"line":70,"column":8},"end":{"line":70,"column":14}},"20":{"start":{"line":76,"column":8},"end":{"line":76,"column":14}},"21":{"start":{"line":82,"column":4},"end":{"line":84,"column":9}},"22":{"start":{"line":83,"column":8},"end":{"line":83,"column":15}},"23":{"start":{"line":85,"column":4},"end":{"line":194,"column":5}},"24":{"start":{"line":91,"column":8},"end":{"line":99,"column":10}},"25":{"start":{"line":98,"column":12},"end":{"line":98,"column":35}},"26":{"start":{"line":102,"column":8},"end":{"line":104,"column":63}},"27":{"start":{"line":105,"column":8},"end":{"line":105,"column":14}},"28":{"start":{"line":112,"column":8},"end":{"line":121,"column":10},"skip":true},"29":{"start":{"line":119,"column":12},"end":{"line":119,"column":55},"skip":true},"30":{"start":{"line":120,"column":12},"end":{"line":120,"column":48},"skip":true},"31":{"start":{"line":123,"column":8},"end":{"line":136,"column":10},"skip":true},"32":{"start":{"line":130,"column":12},"end":{"line":130,"column":76},"skip":true},"33":{"start":{"line":131,"column":12},"end":{"line":131,"column":73},"skip":true},"34":{"start":{"line":132,"column":12},"end":{"line":132,"column":74},"skip":true},"35":{"start":{"line":133,"column":12},"end":{"line":133,"column":79},"skip":true},"36":{"start":{"line":134,"column":12},"end":{"line":134,"column":25},"skip":true},"37":{"start":{"line":135,"column":12},"end":{"line":135,"column":45},"skip":true},"38":{"start":{"line":138,"column":8},"end":{"line":145,"column":14},"skip":true},"39":{"start":{"line":143,"column":16},"end":{"line":143,"column":29},"skip":true},"40":{"start":{"line":144,"column":16},"end":{"line":144,"column":55},"skip":true},"41":{"start":{"line":147,"column":8},"end":{"line":156,"column":10},"skip":true},"42":{"start":{"line":154,"column":12},"end":{"line":154,"column":25},"skip":true},"43":{"start":{"line":155,"column":12},"end":{"line":155,"column":45},"skip":true},"44":{"start":{"line":158,"column":8},"end":{"line":167,"column":10},"skip":true},"45":{"start":{"line":165,"column":12},"end":{"line":165,"column":25},"skip":true},"46":{"start":{"line":166,"column":12},"end":{"line":166,"column":48},"skip":true},"47":{"start":{"line":169,"column":8},"end":{"line":178,"column":10},"skip":true},"48":{"start":{"line":176,"column":12},"end":{"line":176,"column":25},"skip":true},"49":{"start":{"line":177,"column":12},"end":{"line":177,"column":46},"skip":true},"50":{"start":{"line":180,"column":8},"end":{"line":189,"column":10},"skip":true},"51":{"start":{"line":187,"column":12},"end":{"line":187,"column":94},"skip":true},"52":{"start":{"line":188,"column":12},"end":{"line":188,"column":48},"skip":true},"53":{"start":{"line":192,"column":8},"end":{"line":192,"column":35},"skip":true},"54":{"start":{"line":193,"column":8},"end":{"line":193,"column":14},"skip":true}},"branchMap":{"1":{"line":25,"type":"binary-expr","locations":[{"start":{"line":25,"column":23},"end":{"line":25,"column":62}},{"start":{"line":26,"column":20},"end":{"line":26,"column":70}},{"start":{"line":27,"column":20},"end":{"line":27,"column":71}},{"start":{"line":28,"column":20},"end":{"line":28,"column":29}}]},"2":{"line":30,"type":"binary-expr","locations":[{"start":{"line":30,"column":23},"end":{"line":30,"column":37}},{"start":{"line":31,"column":20},"end":{"line":31,"column":61}},{"start":{"line":32,"column":20},"end":{"line":32,"column":70}},{"start":{"line":33,"column":20},"end":{"line":33,"column":26}}]},"3":{"line":37,"type":"cond-expr","locations":[{"start":{"line":38,"column":14},"end":{"line":38,"column":20}},{"start":{"line":39,"column":14},"end":{"line":39,"column":20}}]},"4":{"line":40,"type":"switch","locations":[{"start":{"line":42,"column":8},"end":{"line":47,"column":18}},{"start":{"line":49,"column":8},"end":{"line":52,"column":18}}]},"5":{"line":44,"type":"binary-expr","locations":[{"start":{"line":44,"column":16},"end":{"line":44,"column":44}},{"start":{"line":44,"column":48},"end":{"line":44,"column":66}}]},"6":{"line":50,"type":"binary-expr","locations":[{"start":{"line":50,"column":21},"end":{"line":50,"column":49}},{"start":{"line":50,"column":53},"end":{"line":50,"column":72}}]},"7":{"line":64,"type":"switch","locations":[{"start":{"line":69,"column":4},"end":{"line":70,"column":14}},{"start":{"line":75,"column":4},"end":{"line":76,"column":14}}]},"8":{"line":85,"type":"switch","locations":[{"start":{"line":90,"column":4},"end":{"line":105,"column":14}},{"start":{"line":111,"column":4},"end":{"line":193,"column":14},"skip":true}]},"9":{"line":91,"type":"binary-expr","locations":[{"start":{"line":91,"column":42},"end":{"line":91,"column":73}},{"start":{"line":91,"column":77},"end":{"line":99,"column":9}}]},"10":{"line":102,"type":"binary-expr","locations":[{"start":{"line":102,"column":18},"end":{"line":102,"column":32}},{"start":{"line":103,"column":12},"end":{"line":103,"column":53}},{"start":{"line":104,"column":12},"end":{"line":104,"column":61}}]},"11":{"line":112,"type":"binary-expr","locations":[{"start":{"line":112,"column":45},"end":{"line":112,"column":79},"skip":true},{"start":{"line":112,"column":83},"end":{"line":121,"column":9},"skip":true}]},"12":{"line":123,"type":"binary-expr","locations":[{"start":{"line":123,"column":42},"end":{"line":123,"column":73},"skip":true},{"start":{"line":123,"column":77},"end":{"line":136,"column":9},"skip":true}]},"13":{"line":138,"type":"binary-expr","locations":[{"start":{"line":138,"column":48},"end":{"line":138,"column":85},"skip":true},{"start":{"line":139,"column":12},"end":{"line":145,"column":13},"skip":true}]},"14":{"line":147,"type":"binary-expr","locations":[{"start":{"line":147,"column":42},"end":{"line":147,"column":73},"skip":true},{"start":{"line":147,"column":77},"end":{"line":156,"column":9},"skip":true}]},"15":{"line":158,"type":"binary-expr","locations":[{"start":{"line":158,"column":45},"end":{"line":158,"column":79},"skip":true},{"start":{"line":158,"column":83},"end":{"line":167,"column":9},"skip":true}]},"16":{"line":169,"type":"binary-expr","locations":[{"start":{"line":169,"column":43},"end":{"line":169,"column":75},"skip":true},{"start":{"line":169,"column":79},"end":{"line":178,"column":9},"skip":true}]},"17":{"line":180,"type":"binary-expr","locations":[{"start":{"line":180,"column":41},"end":{"line":180,"column":71},"skip":true},{"start":{"line":180,"column":75},"end":{"line":189,"column":9},"skip":true}]}},"code":["/* istanbul instrument in package npmtest_ubique */","/*jslint","    bitwise: true,","    browser: true,","    maxerr: 8,","    maxlen: 96,","    node: true,","    nomen: true,","    regexp: true,","    stupid: true","*/","(function () {","    'use strict';","    var local;","","","","    // run shared js-env code - pre-init","    (function () {","        // init local","        local = {};","        // init modeJs","        local.modeJs = (function () {","            try {","                return typeof navigator.userAgent === 'string' &&","                    typeof document.querySelector('body') === 'object' &&","                    typeof XMLHttpRequest.prototype.open === 'function' &&","                    'browser';","            } catch (errorCaughtBrowser) {","                return module.exports &&","                    typeof process.versions.node === 'string' &&","                    typeof require('http').createServer === 'function' &&","                    'node';","            }","        }());","        // init global","        local.global = local.modeJs === 'browser'","            ? window","            : global;","        switch (local.modeJs) {","        // re-init local from window.local","        case 'browser':","            local = local.global.utility2.objectSetDefault(","                local.global.utility2_rollup || local.global.local,","                local.global.utility2","            );","            break;","        // re-init local from example.js","        case 'node':","            local = (local.global.utility2_rollup || require('utility2'))","                .requireExampleJsFromReadme();","            break;","        }","        // export local","        local.global.local = local;","    }());","","","","    // run shared js-env code - function","    (function () {","        return;","    }());","    switch (local.modeJs) {","","","","    // run browser js-env code - function","    case 'browser':","        break;","","","","    // run node js-env code - function","    case 'node':","        break;","    }","","","","    // run shared js-env code - post-init","    (function () {","        return;","    }());","    switch (local.modeJs) {","","","","    // run browser js-env code - post-init","    case 'browser':","        local.testCase_browser_nullCase = local.testCase_browser_nullCase || function (","            options,","            onError","        ) {","        /*","         * this function will test browsers's null-case handling-behavior-behavior","         */","            onError(null, options);","        };","","        // run tests","        local.nop(local.modeTest &&","            document.querySelector('#testRunButton1') &&","            document.querySelector('#testRunButton1').click());","        break;","","","","    // run node js-env code - post-init","    /* istanbul ignore next */","    case 'node':","        local.testCase_buildApidoc_default = local.testCase_buildApidoc_default || function (","            options,","            onError","        ) {","        /*","         * this function will test buildApidoc's default handling-behavior-behavior","         */","            options = { modulePathList: module.paths };","            local.buildApidoc(options, onError);","        };","","        local.testCase_buildApp_default = local.testCase_buildApp_default || function (","            options,","            onError","        ) {","        /*","         * this function will test buildApp's default handling-behavior-behavior","         */","            local.testCase_buildReadme_default(options, local.onErrorThrow);","            local.testCase_buildLib_default(options, local.onErrorThrow);","            local.testCase_buildTest_default(options, local.onErrorThrow);","            local.testCase_buildCustomOrg_default(options, local.onErrorThrow);","            options = [];","            local.buildApp(options, onError);","        };","","        local.testCase_buildCustomOrg_default = local.testCase_buildCustomOrg_default ||","            function (options, onError) {","            /*","             * this function will test buildCustomOrg's default handling-behavior","             */","                options = {};","                local.buildCustomOrg(options, onError);","            };","","        local.testCase_buildLib_default = local.testCase_buildLib_default || function (","            options,","            onError","        ) {","        /*","         * this function will test buildLib's default handling-behavior","         */","            options = {};","            local.buildLib(options, onError);","        };","","        local.testCase_buildReadme_default = local.testCase_buildReadme_default || function (","            options,","            onError","        ) {","        /*","         * this function will test buildReadme's default handling-behavior-behavior","         */","            options = {};","            local.buildReadme(options, onError);","        };","","        local.testCase_buildTest_default = local.testCase_buildTest_default || function (","            options,","            onError","        ) {","        /*","         * this function will test buildTest's default handling-behavior","         */","            options = {};","            local.buildTest(options, onError);","        };","","        local.testCase_webpage_default = local.testCase_webpage_default || function (","            options,","            onError","        ) {","        /*","         * this function will test webpage's default handling-behavior","         */","            options = { modeCoverageMerge: true, url: local.serverLocalHost + '?modeTest=1' };","            local.browserTest(options, onError);","        };","","        // run test-server","        local.testRunServer(local);","        break;","    }","}());",""],"l":{"12":2,"14":2,"19":2,"21":2,"23":2,"24":2,"25":2,"30":1,"37":2,"40":2,"43":1,"47":1,"50":1,"52":1,"55":2,"61":2,"62":2,"64":2,"70":1,"76":1,"82":2,"83":2,"85":2,"91":1,"98":1,"102":1,"105":1,"112":1,"119":1,"120":1,"123":1,"130":1,"131":1,"132":1,"133":1,"134":1,"135":1,"138":1,"143":2,"144":2,"147":1,"154":2,"155":2,"158":1,"165":2,"166":2,"169":1,"176":2,"177":2,"180":1,"187":1,"188":1,"192":1,"193":1}},"/home/travis/build/npmtest/node-npmtest-ubique/lib.npmtest_ubique.js":{"path":"/home/travis/build/npmtest/node-npmtest-ubique/lib.npmtest_ubique.js","s":{"1":2,"2":2,"3":2,"4":2,"5":2,"6":2,"7":2,"8":1,"9":2,"10":2,"11":2,"12":2,"13":1,"14":1,"15":1,"16":1},"b":{"1":[2,1,1,1],"2":[1,1,1,1],"3":[1,1],"4":[2,2],"5":[1,1]},"f":{"1":2,"2":2,"3":2},"fnMap":{"1":{"name":"(anonymous_1)","line":12,"loc":{"start":{"line":12,"column":1},"end":{"line":12,"column":13}}},"2":{"name":"(anonymous_2)","line":19,"loc":{"start":{"line":19,"column":5},"end":{"line":19,"column":17}}},"3":{"name":"(anonymous_3)","line":23,"loc":{"start":{"line":23,"column":24},"end":{"line":23,"column":36}}}},"statementMap":{"1":{"start":{"line":12,"column":0},"end":{"line":53,"column":5}},"2":{"start":{"line":14,"column":4},"end":{"line":14,"column":14}},"3":{"start":{"line":19,"column":4},"end":{"line":52,"column":9}},"4":{"start":{"line":21,"column":8},"end":{"line":21,"column":19}},"5":{"start":{"line":23,"column":8},"end":{"line":35,"column":13}},"6":{"start":{"line":24,"column":12},"end":{"line":34,"column":13}},"7":{"start":{"line":25,"column":16},"end":{"line":28,"column":30}},"8":{"start":{"line":30,"column":16},"end":{"line":33,"column":27}},"9":{"start":{"line":37,"column":8},"end":{"line":39,"column":21}},"10":{"start":{"line":41,"column":8},"end":{"line":41,"column":54}},"11":{"start":{"line":43,"column":8},"end":{"line":43,"column":51}},"12":{"start":{"line":45,"column":8},"end":{"line":51,"column":9}},"13":{"start":{"line":46,"column":12},"end":{"line":46,"column":57}},"14":{"start":{"line":48,"column":12},"end":{"line":48,"column":35}},"15":{"start":{"line":49,"column":12},"end":{"line":49,"column":49}},"16":{"start":{"line":50,"column":12},"end":{"line":50,"column":43}}},"branchMap":{"1":{"line":25,"type":"binary-expr","locations":[{"start":{"line":25,"column":23},"end":{"line":25,"column":62}},{"start":{"line":26,"column":20},"end":{"line":26,"column":70}},{"start":{"line":27,"column":20},"end":{"line":27,"column":71}},{"start":{"line":28,"column":20},"end":{"line":28,"column":29}}]},"2":{"line":30,"type":"binary-expr","locations":[{"start":{"line":30,"column":23},"end":{"line":30,"column":37}},{"start":{"line":31,"column":20},"end":{"line":31,"column":61}},{"start":{"line":32,"column":20},"end":{"line":32,"column":70}},{"start":{"line":33,"column":20},"end":{"line":33,"column":26}}]},"3":{"line":37,"type":"cond-expr","locations":[{"start":{"line":38,"column":14},"end":{"line":38,"column":20}},{"start":{"line":39,"column":14},"end":{"line":39,"column":20}}]},"4":{"line":41,"type":"binary-expr","locations":[{"start":{"line":41,"column":16},"end":{"line":41,"column":44}},{"start":{"line":41,"column":48},"end":{"line":41,"column":53}}]},"5":{"line":45,"type":"if","locations":[{"start":{"line":45,"column":8},"end":{"line":45,"column":8}},{"start":{"line":45,"column":8},"end":{"line":45,"column":8}}]}},"code":["/* istanbul instrument in package npmtest_ubique */","/*jslint","    bitwise: true,","    browser: true,","    maxerr: 8,","    maxlen: 96,","    node: true,","    nomen: true,","    regexp: true,","    stupid: true","*/","(function () {","    'use strict';","    var local;","","","","    // run shared js-env code - pre-init","    (function () {","        // init local","        local = {};","        // init modeJs","        local.modeJs = (function () {","            try {","                return typeof navigator.userAgent === 'string' &&","                    typeof document.querySelector('body') === 'object' &&","                    typeof XMLHttpRequest.prototype.open === 'function' &&","                    'browser';","            } catch (errorCaughtBrowser) {","                return module.exports &&","                    typeof process.versions.node === 'string' &&","                    typeof require('http').createServer === 'function' &&","                    'node';","            }","        }());","        // init global","        local.global = local.modeJs === 'browser'","            ? window","            : global;","        // init utility2_rollup","        local = local.global.utility2_rollup || local;","        // init lib","        local.local = local.npmtest_ubique = local;","        // init exports","        if (local.modeJs === 'browser') {","            local.global.utility2_npmtest_ubique = local;","        } else {","            module.exports = local;","            module.exports.__dirname = __dirname;","            module.exports.module = module;","        }","    }());","}());",""],"l":{"12":2,"14":2,"19":2,"21":2,"23":2,"24":2,"25":2,"30":1,"37":2,"41":2,"43":2,"45":2,"46":1,"48":1,"49":1,"50":1}},"/home/travis/build/npmtest/node-npmtest-ubique/example.js":{"path":"/home/travis/build/npmtest/node-npmtest-ubique/example.js","s":{"1":2,"2":2,"3":2,"4":2,"5":2,"6":2,"7":2,"8":1,"9":2,"10":2,"11":2,"12":2,"13":1,"14":2,"15":2,"16":2,"17":2,"18":2,"19":0,"20":2,"21":1,"22":1,"23":1,"24":1,"25":1,"26":0,"27":0,"28":1,"29":1,"30":2,"31":0,"32":0,"33":0,"34":1,"35":2,"36":2,"37":3,"38":3,"39":3,"40":3,"41":0,"42":3,"43":3,"44":3,"45":1,"46":3,"47":1,"48":1,"49":1,"50":1,"51":1,"52":1,"53":1,"54":1,"55":1,"56":1,"57":0,"58":1,"59":6,"60":6,"61":1,"62":2,"63":0,"64":2,"65":1,"66":1,"67":0,"68":0,"69":0,"70":0,"71":0,"72":0,"73":0,"74":0,"75":0,"76":0,"77":0,"78":0,"79":0,"80":0,"81":0,"82":0,"83":0},"b":{"1":[2,1,1,1],"2":[1,1,1,1],"3":[1,1],"4":[2,2],"5":[1,1],"6":[1,1],"7":[2,0],"8":[2,1,1,1,1,1],"9":[0,2,0],"10":[1,1],"11":[2,1,1],"12":[1,0],"13":[0,2],"14":[2,0,0,0,0,0,0],"15":[0,3],"16":[3,0],"17":[1,1],"18":[0,1],"19":[1,2,0,2],"20":[1,0],"21":[1,1],"22":[0,0],"23":[0,0],"24":[0,0],"25":[0,0],"26":[0,0],"27":[0,0],"28":[0,0]},"f":{"1":2,"2":2,"3":2,"4":2,"5":2,"6":2,"7":3,"8":3,"9":3,"10":1,"11":6,"12":0},"fnMap":{"1":{"name":"(anonymous_1)","line":26,"loc":{"start":{"line":26,"column":1},"end":{"line":26,"column":13}}},"2":{"name":"(anonymous_2)","line":33,"loc":{"start":{"line":33,"column":5},"end":{"line":33,"column":17}}},"3":{"name":"(anonymous_3)","line":37,"loc":{"start":{"line":37,"column":24},"end":{"line":37,"column":36}}},"4":{"name":"(anonymous_4)","line":69,"loc":{"start":{"line":69,"column":31},"end":{"line":69,"column":48}},"skip":true},"5":{"name":"(anonymous_5)","line":78,"loc":{"start":{"line":78,"column":26},"end":{"line":78,"column":45}},"skip":true},"6":{"name":"(anonymous_6)","line":123,"loc":{"start":{"line":123,"column":33},"end":{"line":123,"column":48}},"skip":true},"7":{"name":"(anonymous_7)","line":125,"loc":{"start":{"line":125,"column":27},"end":{"line":125,"column":39}},"skip":true},"8":{"name":"(anonymous_8)","line":133,"loc":{"start":{"line":133,"column":59},"end":{"line":133,"column":74}},"skip":true},"9":{"name":"(anonymous_9)","line":143,"loc":{"start":{"line":143,"column":45},"end":{"line":143,"column":62}},"skip":true},"10":{"name":"(anonymous_10)","line":144,"loc":{"start":{"line":144,"column":73},"end":{"line":144,"column":92}},"skip":true},"11":{"name":"(anonymous_11)","line":272,"loc":{"start":{"line":272,"column":51},"end":{"line":272,"column":77}},"skip":true},"12":{"name":"(anonymous_12)","line":315,"loc":{"start":{"line":315,"column":32},"end":{"line":315,"column":61}},"skip":true}},"statementMap":{"1":{"start":{"line":26,"column":0},"end":{"line":326,"column":5}},"2":{"start":{"line":28,"column":4},"end":{"line":28,"column":14}},"3":{"start":{"line":33,"column":4},"end":{"line":60,"column":9}},"4":{"start":{"line":35,"column":8},"end":{"line":35,"column":19}},"5":{"start":{"line":37,"column":8},"end":{"line":49,"column":13}},"6":{"start":{"line":38,"column":12},"end":{"line":48,"column":13}},"7":{"start":{"line":39,"column":16},"end":{"line":42,"column":30}},"8":{"start":{"line":44,"column":16},"end":{"line":47,"column":27}},"9":{"start":{"line":51,"column":8},"end":{"line":53,"column":21}},"10":{"start":{"line":55,"column":8},"end":{"line":57,"column":45}},"11":{"start":{"line":59,"column":8},"end":{"line":59,"column":35}},"12":{"start":{"line":61,"column":4},"end":{"line":325,"column":5}},"13":{"start":{"line":69,"column":8},"end":{"line":121,"column":10},"skip":true},"14":{"start":{"line":70,"column":12},"end":{"line":88,"column":13},"skip":true},"15":{"start":{"line":76,"column":16},"end":{"line":87,"column":19},"skip":true},"16":{"start":{"line":79,"column":20},"end":{"line":86,"column":21},"skip":true},"17":{"start":{"line":82,"column":24},"end":{"line":82,"column":43},"skip":true},"18":{"start":{"line":83,"column":24},"end":{"line":83,"column":30},"skip":true},"19":{"start":{"line":85,"column":24},"end":{"line":85,"column":49},"skip":true},"20":{"start":{"line":89,"column":12},"end":{"line":107,"column":13},"skip":true},"21":{"start":{"line":92,"column":16},"end":{"line":102,"column":17},"skip":true},"22":{"start":{"line":93,"column":20},"end":{"line":93,"column":86},"skip":true},"23":{"start":{"line":94,"column":20},"end":{"line":95,"column":45},"skip":true},"24":{"start":{"line":96,"column":20},"end":{"line":96,"column":42},"skip":true},"25":{"start":{"line":97,"column":20},"end":{"line":97,"column":48},"skip":true},"26":{"start":{"line":100,"column":20},"end":{"line":100,"column":85},"skip":true},"27":{"start":{"line":101,"column":20},"end":{"line":101,"column":96},"skip":true},"28":{"start":{"line":103,"column":16},"end":{"line":103,"column":22},"skip":true},"29":{"start":{"line":106,"column":16},"end":{"line":106,"column":22},"skip":true},"30":{"start":{"line":108,"column":12},"end":{"line":120,"column":13},"skip":true},"31":{"start":{"line":114,"column":16},"end":{"line":119,"column":17},"skip":true},"32":{"start":{"line":116,"column":20},"end":{"line":116,"column":78},"skip":true},"33":{"start":{"line":118,"column":20},"end":{"line":118,"column":47},"skip":true},"34":{"start":{"line":123,"column":8},"end":{"line":141,"column":11},"skip":true},"35":{"start":{"line":124,"column":12},"end":{"line":124,"column":54},"skip":true},"36":{"start":{"line":125,"column":12},"end":{"line":140,"column":14},"skip":true},"37":{"start":{"line":126,"column":16},"end":{"line":126,"column":28},"skip":true},"38":{"start":{"line":127,"column":16},"end":{"line":127,"column":69},"skip":true},"39":{"start":{"line":128,"column":16},"end":{"line":128,"column":75},"skip":true},"40":{"start":{"line":129,"column":16},"end":{"line":131,"column":17},"skip":true},"41":{"start":{"line":130,"column":20},"end":{"line":130,"column":27},"skip":true},"42":{"start":{"line":133,"column":16},"end":{"line":137,"column":36},"skip":true},"43":{"start":{"line":134,"column":20},"end":{"line":136,"column":55},"skip":true},"44":{"start":{"line":139,"column":16},"end":{"line":139,"column":57},"skip":true},"45":{"start":{"line":143,"column":8},"end":{"line":147,"column":11},"skip":true},"46":{"start":{"line":144,"column":12},"end":{"line":146,"column":15},"skip":true},"47":{"start":{"line":145,"column":16},"end":{"line":145,"column":70},"skip":true},"48":{"start":{"line":149,"column":8},"end":{"line":149,"column":31},"skip":true},"49":{"start":{"line":150,"column":8},"end":{"line":150,"column":14},"skip":true},"50":{"start":{"line":158,"column":8},"end":{"line":158,"column":31},"skip":true},"51":{"start":{"line":160,"column":8},"end":{"line":160,"column":33},"skip":true},"52":{"start":{"line":161,"column":8},"end":{"line":161,"column":37},"skip":true},"53":{"start":{"line":162,"column":8},"end":{"line":162,"column":35},"skip":true},"54":{"start":{"line":164,"column":8},"end":{"line":164,"column":50},"skip":true},"55":{"start":{"line":166,"column":8},"end":{"line":256,"column":2},"skip":true},"56":{"start":{"line":258,"column":8},"end":{"line":286,"column":9},"skip":true},"57":{"start":{"line":259,"column":12},"end":{"line":269,"column":14},"skip":true},"58":{"start":{"line":271,"column":12},"end":{"line":285,"column":19},"skip":true},"59":{"start":{"line":274,"column":20},"end":{"line":274,"column":35},"skip":true},"60":{"start":{"line":275,"column":20},"end":{"line":284,"column":21},"skip":true},"61":{"start":{"line":277,"column":24},"end":{"line":277,"column":64},"skip":true},"62":{"start":{"line":279,"column":24},"end":{"line":279,"column":40},"skip":true},"63":{"start":{"line":281,"column":24},"end":{"line":281,"column":40},"skip":true},"64":{"start":{"line":283,"column":24},"end":{"line":283,"column":39},"skip":true},"65":{"start":{"line":288,"column":8},"end":{"line":290,"column":9},"skip":true},"66":{"start":{"line":289,"column":12},"end":{"line":289,"column":18},"skip":true},"67":{"start":{"line":291,"column":8},"end":{"line":293,"column":54},"skip":true},"68":{"start":{"line":296,"column":8},"end":{"line":301,"column":37},"skip":true},"69":{"start":{"line":303,"column":8},"end":{"line":303,"column":82},"skip":true},"70":{"start":{"line":306,"column":8},"end":{"line":308,"column":9},"skip":true},"71":{"start":{"line":307,"column":12},"end":{"line":307,"column":82},"skip":true},"72":{"start":{"line":310,"column":8},"end":{"line":312,"column":9},"skip":true},"73":{"start":{"line":311,"column":12},"end":{"line":311,"column":18},"skip":true},"74":{"start":{"line":313,"column":8},"end":{"line":313,"column":54},"skip":true},"75":{"start":{"line":314,"column":8},"end":{"line":314,"column":69},"skip":true},"76":{"start":{"line":315,"column":8},"end":{"line":323,"column":36},"skip":true},"77":{"start":{"line":316,"column":12},"end":{"line":316,"column":61},"skip":true},"78":{"start":{"line":317,"column":12},"end":{"line":320,"column":13},"skip":true},"79":{"start":{"line":318,"column":16},"end":{"line":318,"column":75},"skip":true},"80":{"start":{"line":319,"column":16},"end":{"line":319,"column":23},"skip":true},"81":{"start":{"line":321,"column":12},"end":{"line":321,"column":38},"skip":true},"82":{"start":{"line":322,"column":12},"end":{"line":322,"column":27},"skip":true},"83":{"start":{"line":324,"column":8},"end":{"line":324,"column":14},"skip":true}},"branchMap":{"1":{"line":39,"type":"binary-expr","locations":[{"start":{"line":39,"column":23},"end":{"line":39,"column":62}},{"start":{"line":40,"column":20},"end":{"line":40,"column":70}},{"start":{"line":41,"column":20},"end":{"line":41,"column":71}},{"start":{"line":42,"column":20},"end":{"line":42,"column":29}}]},"2":{"line":44,"type":"binary-expr","locations":[{"start":{"line":44,"column":23},"end":{"line":44,"column":37}},{"start":{"line":45,"column":20},"end":{"line":45,"column":61}},{"start":{"line":46,"column":20},"end":{"line":46,"column":70}},{"start":{"line":47,"column":20},"end":{"line":47,"column":26}}]},"3":{"line":51,"type":"cond-expr","locations":[{"start":{"line":52,"column":14},"end":{"line":52,"column":20}},{"start":{"line":53,"column":14},"end":{"line":53,"column":20}}]},"4":{"line":55,"type":"binary-expr","locations":[{"start":{"line":55,"column":16},"end":{"line":55,"column":44}},{"start":{"line":55,"column":49},"end":{"line":57,"column":43}}]},"5":{"line":55,"type":"cond-expr","locations":[{"start":{"line":56,"column":14},"end":{"line":56,"column":50}},{"start":{"line":57,"column":14},"end":{"line":57,"column":43}}]},"6":{"line":61,"type":"switch","locations":[{"start":{"line":68,"column":4},"end":{"line":150,"column":14},"skip":true},{"start":{"line":156,"column":4},"end":{"line":324,"column":14},"skip":true}]},"7":{"line":70,"type":"if","locations":[{"start":{"line":70,"column":12},"end":{"line":70,"column":12},"skip":true},{"start":{"line":70,"column":12},"end":{"line":70,"column":12},"skip":true}]},"8":{"line":70,"type":"binary-expr","locations":[{"start":{"line":70,"column":16},"end":{"line":70,"column":22},"skip":true},{"start":{"line":70,"column":27},"end":{"line":70,"column":32},"skip":true},{"start":{"line":71,"column":20},"end":{"line":71,"column":39},"skip":true},{"start":{"line":72,"column":20},"end":{"line":72,"column":49},"skip":true},{"start":{"line":73,"column":20},"end":{"line":73,"column":58},"skip":true},{"start":{"line":74,"column":20},"end":{"line":74,"column":69},"skip":true}]},"9":{"line":79,"type":"switch","locations":[{"start":{"line":80,"column":20},"end":{"line":80,"column":33},"skip":true},{"start":{"line":81,"column":20},"end":{"line":83,"column":30},"skip":true},{"start":{"line":84,"column":20},"end":{"line":85,"column":49},"skip":true}]},"10":{"line":89,"type":"switch","locations":[{"start":{"line":90,"column":12},"end":{"line":103,"column":22},"skip":true},{"start":{"line":105,"column":12},"end":{"line":106,"column":22},"skip":true}]},"11":{"line":89,"type":"binary-expr","locations":[{"start":{"line":89,"column":20},"end":{"line":89,"column":25},"skip":true},{"start":{"line":89,"column":29},"end":{"line":89,"column":48},"skip":true},{"start":{"line":89,"column":52},"end":{"line":89,"column":74},"skip":true}]},"12":{"line":92,"type":"if","locations":[{"start":{"line":92,"column":16},"end":{"line":92,"column":16},"skip":true},{"start":{"line":92,"column":16},"end":{"line":92,"column":16},"skip":true}]},"13":{"line":108,"type":"if","locations":[{"start":{"line":108,"column":12},"end":{"line":108,"column":12},"skip":true},{"start":{"line":108,"column":12},"end":{"line":108,"column":12},"skip":true}]},"14":{"line":108,"type":"binary-expr","locations":[{"start":{"line":108,"column":16},"end":{"line":108,"column":61},"skip":true},{"start":{"line":108,"column":66},"end":{"line":108,"column":72},"skip":true},{"start":{"line":108,"column":77},"end":{"line":108,"column":82},"skip":true},{"start":{"line":109,"column":20},"end":{"line":109,"column":39},"skip":true},{"start":{"line":110,"column":20},"end":{"line":110,"column":49},"skip":true},{"start":{"line":111,"column":20},"end":{"line":111,"column":58},"skip":true},{"start":{"line":112,"column":20},"end":{"line":112,"column":68},"skip":true}]},"15":{"line":129,"type":"if","locations":[{"start":{"line":129,"column":16},"end":{"line":129,"column":16},"skip":true},{"start":{"line":129,"column":16},"end":{"line":129,"column":16},"skip":true}]},"16":{"line":134,"type":"cond-expr","locations":[{"start":{"line":135,"column":26},"end":{"line":135,"column":29},"skip":true},{"start":{"line":136,"column":26},"end":{"line":136,"column":54},"skip":true}]},"17":{"line":164,"type":"binary-expr","locations":[{"start":{"line":164,"column":27},"end":{"line":164,"column":43},"skip":true},{"start":{"line":164,"column":47},"end":{"line":164,"column":49},"skip":true}]},"18":{"line":258,"type":"if","locations":[{"start":{"line":258,"column":8},"end":{"line":258,"column":8},"skip":true},{"start":{"line":258,"column":8},"end":{"line":258,"column":8},"skip":true}]},"19":{"line":275,"type":"switch","locations":[{"start":{"line":276,"column":20},"end":{"line":277,"column":64},"skip":true},{"start":{"line":278,"column":20},"end":{"line":279,"column":40},"skip":true},{"start":{"line":280,"column":20},"end":{"line":281,"column":40},"skip":true},{"start":{"line":282,"column":20},"end":{"line":283,"column":39},"skip":true}]},"20":{"line":288,"type":"if","locations":[{"start":{"line":288,"column":8},"end":{"line":288,"column":8},"skip":true},{"start":{"line":288,"column":8},"end":{"line":288,"column":8},"skip":true}]},"21":{"line":288,"type":"binary-expr","locations":[{"start":{"line":288,"column":12},"end":{"line":288,"column":40},"skip":true},{"start":{"line":288,"column":44},"end":{"line":288,"column":67},"skip":true}]},"22":{"line":292,"type":"binary-expr","locations":[{"start":{"line":292,"column":12},"end":{"line":292,"column":50},"skip":true},{"start":{"line":293,"column":12},"end":{"line":293,"column":53},"skip":true}]},"23":{"line":297,"type":"binary-expr","locations":[{"start":{"line":297,"column":12},"end":{"line":297,"column":64},"skip":true},{"start":{"line":298,"column":12},"end":{"line":301,"column":36},"skip":true}]},"24":{"line":303,"type":"binary-expr","locations":[{"start":{"line":303,"column":43},"end":{"line":303,"column":75},"skip":true},{"start":{"line":303,"column":79},"end":{"line":303,"column":81},"skip":true}]},"25":{"line":306,"type":"if","locations":[{"start":{"line":306,"column":8},"end":{"line":306,"column":8},"skip":true},{"start":{"line":306,"column":8},"end":{"line":306,"column":8},"skip":true}]},"26":{"line":310,"type":"if","locations":[{"start":{"line":310,"column":8},"end":{"line":310,"column":8},"skip":true},{"start":{"line":310,"column":8},"end":{"line":310,"column":8},"skip":true}]},"27":{"line":313,"type":"binary-expr","locations":[{"start":{"line":313,"column":27},"end":{"line":313,"column":43},"skip":true},{"start":{"line":313,"column":47},"end":{"line":313,"column":53},"skip":true}]},"28":{"line":317,"type":"if","locations":[{"start":{"line":317,"column":12},"end":{"line":317,"column":12},"skip":true},{"start":{"line":317,"column":12},"end":{"line":317,"column":12},"skip":true}]}},"code":["/*","example.js","","quickstart example","","instruction","    1. save this script as example.js","    2. run the shell command:","        $ npm install npmtest-ubique && PORT=8081 node example.js","    3. play with the browser-demo on http://127.0.0.1:8081","*/","","","","/* istanbul instrument in package npmtest_ubique */","/*jslint","    bitwise: true,","    browser: true,","    maxerr: 8,","    maxlen: 96,","    node: true,","    nomen: true,","    regexp: true,","    stupid: true","*/","(function () {","    'use strict';","    var local;","","","","    // run shared js-env code - pre-init","    (function () {","        // init local","        local = {};","        // init modeJs","        local.modeJs = (function () {","            try {","                return typeof navigator.userAgent === 'string' &&","                    typeof document.querySelector('body') === 'object' &&","                    typeof XMLHttpRequest.prototype.open === 'function' &&","                    'browser';","            } catch (errorCaughtBrowser) {","                return module.exports &&","                    typeof process.versions.node === 'string' &&","                    typeof require('http').createServer === 'function' &&","                    'node';","            }","        }());","        // init global","        local.global = local.modeJs === 'browser'","            ? window","            : global;","        // init utility2_rollup","        local = local.global.utility2_rollup || (local.modeJs === 'browser'","            ? local.global.utility2_npmtest_ubique","            : global.utility2_moduleExports);","        // export local","        local.global.local = local;","    }());","    switch (local.modeJs) {","","","","    // post-init","    // run browser js-env code - post-init","    /* istanbul ignore next */","    case 'browser':","        local.testRunBrowser = function (event) {","            if (!event || (event &&","                    event.currentTarget &&","                    event.currentTarget.className &&","                    event.currentTarget.className.includes &&","                    event.currentTarget.className.includes('onreset'))) {","                // reset output","                Array.from(","                    document.querySelectorAll('body > .resettable')","                ).forEach(function (element) {","                    switch (element.tagName) {","                    case 'INPUT':","                    case 'TEXTAREA':","                        element.value = '';","                        break;","                    default:","                        element.textContent = '';","                    }","                });","            }","            switch (event && event.currentTarget && event.currentTarget.id) {","            case 'testRunButton1':","                // show tests","                if (document.querySelector('#testReportDiv1').style.display === 'none') {","                    document.querySelector('#testReportDiv1').style.display = 'block';","                    document.querySelector('#testRunButton1').textContent =","                        'hide internal test';","                    local.modeTest = true;","                    local.testRunDefault(local);","                // hide tests","                } else {","                    document.querySelector('#testReportDiv1').style.display = 'none';","                    document.querySelector('#testRunButton1').textContent = 'run internal test';","                }","                break;","            // custom-case","            default:","                break;","            }","            if (document.querySelector('#inputTextareaEval1') && (!event || (event &&","                    event.currentTarget &&","                    event.currentTarget.className &&","                    event.currentTarget.className.includes &&","                    event.currentTarget.className.includes('oneval')))) {","                // try to eval input-code","                try {","                    /*jslint evil: true*/","                    eval(document.querySelector('#inputTextareaEval1').value);","                } catch (errorCaught) {","                    console.error(errorCaught);","                }","            }","        };","        // log stderr and stdout to #outputTextareaStdout1","        ['error', 'log'].forEach(function (key) {","            console[key + '_original'] = console[key];","            console[key] = function () {","                var element;","                console[key + '_original'].apply(console, arguments);","                element = document.querySelector('#outputTextareaStdout1');","                if (!element) {","                    return;","                }","                // append text to #outputTextareaStdout1","                element.value += Array.from(arguments).map(function (arg) {","                    return typeof arg === 'string'","                        ? arg","                        : JSON.stringify(arg, null, 4);","                }).join(' ') + '\\n';","                // scroll textarea to bottom","                element.scrollTop = element.scrollHeight;","            };","        });","        // init event-handling","        ['change', 'click', 'keyup'].forEach(function (event) {","            Array.from(document.querySelectorAll('.on' + event)).forEach(function (element) {","                element.addEventListener(event, local.testRunBrowser);","            });","        });","        // run tests","        local.testRunBrowser();","        break;","","","","    // run node js-env code - post-init","    /* istanbul ignore next */","    case 'node':","        // export local","        module.exports = local;","        // require modules","        local.fs = require('fs');","        local.http = require('http');","        local.url = require('url');","        // init assets","        local.assetsDict = local.assetsDict || {};","        /* jslint-ignore-begin */","        local.assetsDict['/assets.index.template.html'] = '\\","<!doctype html>\\n\\","<html lang=\"en\">\\n\\","<head>\\n\\","<meta charset=\"UTF-8\">\\n\\","<meta name=\"viewport\" content=\"width=device-width, initial-scale=1\">\\n\\","<title>{{env.npm_package_name}} (v{{env.npm_package_version}})</title>\\n\\","<style>\\n\\","/*csslint\\n\\","    box-sizing: false,\\n\\","    universal-selector: false\\n\\","*/\\n\\","* {\\n\\","    box-sizing: border-box;\\n\\","}\\n\\","body {\\n\\","    background: #dde;\\n\\","    font-family: Arial, Helvetica, sans-serif;\\n\\","    margin: 2rem;\\n\\","}\\n\\","body > * {\\n\\","    margin-bottom: 1rem;\\n\\","}\\n\\",".utility2FooterDiv {\\n\\","    margin-top: 20px;\\n\\","    text-align: center;\\n\\","}\\n\\","</style>\\n\\","<style>\\n\\","/*csslint\\n\\","*/\\n\\","textarea {\\n\\","    font-family: monospace;\\n\\","    height: 10rem;\\n\\","    width: 100%;\\n\\","}\\n\\","textarea[readonly] {\\n\\","    background: #ddd;\\n\\","}\\n\\","</style>\\n\\","</head>\\n\\","<body>\\n\\","<!-- utility2-comment\\n\\","<div id=\"ajaxProgressDiv1\" style=\"background: #d00; height: 2px; left: 0; margin: 0; padding: 0; position: fixed; top: 0; transition: background 0.5s, width 1.5s; width: 25%;\"></div>\\n\\","utility2-comment -->\\n\\","<h1>\\n\\","<!-- utility2-comment\\n\\","    <a\\n\\","        {{#if env.npm_package_homepage}}\\n\\","        href=\"{{env.npm_package_homepage}}\"\\n\\","        {{/if env.npm_package_homepage}}\\n\\","        target=\"_blank\"\\n\\","    >\\n\\","utility2-comment -->\\n\\","        {{env.npm_package_name}} (v{{env.npm_package_version}})\\n\\","<!-- utility2-comment\\n\\","    </a>\\n\\","utility2-comment -->\\n\\","</h1>\\n\\","<h3>{{env.npm_package_description}}</h3>\\n\\","<!-- utility2-comment\\n\\","<h4><a download href=\"assets.app.js\">download standalone app</a></h4>\\n\\","<button class=\"onclick onreset\" id=\"testRunButton1\">run internal test</button><br>\\n\\","<div id=\"testReportDiv1\" style=\"display: none;\"></div>\\n\\","utility2-comment -->\\n\\","\\n\\","\\n\\","\\n\\","<label>stderr and stdout</label>\\n\\","<textarea class=\"resettable\" id=\"outputTextareaStdout1\" readonly></textarea>\\n\\","<!-- utility2-comment\\n\\","{{#if isRollup}}\\n\\","<script src=\"assets.app.js\"></script>\\n\\","{{#unless isRollup}}\\n\\","utility2-comment -->\\n\\","<script src=\"assets.utility2.rollup.js\"></script>\\n\\","<script src=\"jsonp.utility2._stateInit?callback=window.utility2._stateInit\"></script>\\n\\","<script src=\"assets.npmtest_ubique.rollup.js\"></script>\\n\\","<script src=\"assets.example.js\"></script>\\n\\","<script src=\"assets.test.js\"></script>\\n\\","<!-- utility2-comment\\n\\","{{/if isRollup}}\\n\\","utility2-comment -->\\n\\","<div class=\"utility2FooterDiv\">\\n\\","    [ this app was created with\\n\\","    <a href=\"https://github.com/kaizhu256/node-utility2\" target=\"_blank\">utility2</a>\\n\\","    ]\\n\\","</div>\\n\\","</body>\\n\\","</html>\\n\\","';","        /* jslint-ignore-end */","        if (local.templateRender) {","            local.assetsDict['/'] = local.templateRender(","                local.assetsDict['/assets.index.template.html'],","                {","                    env: local.objectSetDefault(local.env, {","                        npm_package_description: 'the greatest app in the world!',","                        npm_package_name: 'my-app',","                        npm_package_nameAlias: 'my_app',","                        npm_package_version: '0.0.1'","                    })","                }","            );","        } else {","            local.assetsDict['/'] = local.assetsDict['/assets.index.template.html']","                .replace((/\\{\\{env\\.(\\w+?)\\}\\}/g), function (match0, match1) {","                    // jslint-hack","                    String(match0);","                    switch (match1) {","                    case 'npm_package_description':","                        return 'the greatest app in the world!';","                    case 'npm_package_name':","                        return 'my-app';","                    case 'npm_package_nameAlias':","                        return 'my_app';","                    case 'npm_package_version':","                        return '0.0.1';","                    }","                });","        }","        // run the cli","        if (local.global.utility2_rollup || module !== require.main) {","            break;","        }","        local.assetsDict['/assets.example.js'] =","            local.assetsDict['/assets.example.js'] ||","            local.fs.readFileSync(__filename, 'utf8');","        // bug-workaround - long $npm_package_buildCustomOrg","        /* jslint-ignore-begin */","        local.assetsDict['/assets.npmtest_ubique.rollup.js'] =","            local.assetsDict['/assets.npmtest_ubique.rollup.js'] ||","            local.fs.readFileSync(","                local.npmtest_ubique.__dirname + '/lib.npmtest_ubique.js',","                'utf8'","            ).replace((/^#!/), '//');","        /* jslint-ignore-end */","        local.assetsDict['/favicon.ico'] = local.assetsDict['/favicon.ico'] || '';","        // if $npm_config_timeout_exit exists,","        // then exit this process after $npm_config_timeout_exit ms","        if (Number(process.env.npm_config_timeout_exit)) {","            setTimeout(process.exit, Number(process.env.npm_config_timeout_exit));","        }","        // start server","        if (local.global.utility2_serverHttp1) {","            break;","        }","        process.env.PORT = process.env.PORT || '8081';","        console.error('server starting on port ' + process.env.PORT);","        local.http.createServer(function (request, response) {","            request.urlParsed = local.url.parse(request.url);","            if (local.assetsDict[request.urlParsed.pathname] !== undefined) {","                response.end(local.assetsDict[request.urlParsed.pathname]);","                return;","            }","            response.statusCode = 404;","            response.end();","        }).listen(process.env.PORT);","        break;","    }","}());",""],"l":{"26":2,"28":2,"33":2,"35":2,"37":2,"38":2,"39":2,"44":1,"51":2,"55":2,"59":2,"61":2,"69":1,"70":2,"76":2,"79":2,"82":2,"83":2,"85":1,"89":2,"92":1,"93":1,"94":1,"96":1,"97":1,"100":1,"101":1,"103":1,"106":1,"108":2,"114":1,"116":1,"118":1,"123":1,"124":2,"125":2,"126":3,"127":3,"128":3,"129":3,"130":1,"133":3,"134":3,"139":3,"143":1,"144":3,"145":1,"149":1,"150":1,"158":1,"160":1,"161":1,"162":1,"164":1,"166":1,"258":1,"259":1,"271":1,"274":6,"275":6,"277":1,"279":2,"281":1,"283":2,"288":1,"289":1,"291":1,"296":1,"303":1,"306":1,"307":1,"310":1,"311":1,"313":1,"314":1,"315":1,"316":1,"317":1,"318":1,"319":1,"321":1,"322":1,"324":1}},"/home/travis/build/npmtest/node-npmtest-ubique/node_modules/ubique/index.js":{"path":"/home/travis/build/npmtest/node-npmtest-ubique/node_modules/ubique/index.js","s":{"1":1},"b":{},"f":{},"fnMap":{},"statementMap":{"1":{"start":{"line":1,"column":0},"end":{"line":1,"column":44}}},"branchMap":{},"code":["module.exports = require('./lib/ubique.js');"],"l":{"1":1}},"/home/travis/build/npmtest/node-npmtest-ubique/node_modules/ubique/lib/ubique.js":{"path":"/home/travis/build/npmtest/node-npmtest-ubique/node_modules/ubique/lib/ubique.js","s":{"1":1,"2":1,"3":1,"4":1,"5":1,"6":1,"7":1,"8":1,"9":1,"10":1,"11":1,"12":1,"13":1,"14":1,"15":1,"16":1,"17":1,"18":1,"19":1,"20":1,"21":1,"22":1,"23":1,"24":1,"25":1,"26":1,"27":1,"28":1,"29":1,"30":1,"31":1,"32":1,"33":1,"34":1,"35":1,"36":1,"37":1,"38":1,"39":1,"40":1,"41":1,"42":1,"43":1,"44":1,"45":1,"46":1,"47":1,"48":1,"49":1,"50":1,"51":1,"52":1,"53":1,"54":1,"55":1,"56":1,"57":1,"58":1,"59":1,"60":1,"61":1,"62":1,"63":1,"64":1,"65":1,"66":1,"67":1,"68":1,"69":1,"70":1,"71":1,"72":1,"73":1,"74":1,"75":1,"76":1,"77":1,"78":1,"79":1,"80":1,"81":1,"82":1,"83":1,"84":1,"85":1,"86":1,"87":1,"88":1,"89":1,"90":1,"91":1,"92":1,"93":1,"94":1,"95":1,"96":1,"97":1,"98":1,"99":1,"100":1,"101":1,"102":1,"103":1,"104":1,"105":1,"106":1,"107":1,"108":1,"109":1,"110":1,"111":1,"112":1,"113":1,"114":1,"115":1,"116":1,"117":1,"118":1,"119":1,"120":1,"121":1,"122":1,"123":1,"124":1,"125":1,"126":1,"127":1,"128":1,"129":1,"130":1,"131":1,"132":1,"133":1,"134":1,"135":1,"136":1,"137":1,"138":1,"139":1,"140":1,"141":1,"142":1,"143":1,"144":1,"145":1,"146":1,"147":1,"148":1,"149":1,"150":1,"151":1,"152":1,"153":1,"154":1,"155":1,"156":1,"157":1,"158":1,"159":1,"160":1,"161":1,"162":1,"163":1,"164":1,"165":1,"166":1,"167":1,"168":1,"169":1,"170":1,"171":1,"172":1,"173":1,"174":1,"175":1,"176":1,"177":1,"178":1,"179":1,"180":1,"181":1,"182":1,"183":1,"184":1,"185":1,"186":1,"187":1,"188":1,"189":1,"190":1,"191":1,"192":1,"193":1,"194":1,"195":1,"196":1,"197":1},"b":{},"f":{},"fnMap":{},"statementMap":{"1":{"start":{"line":35,"column":0},"end":{"line":35,"column":16}},"2":{"start":{"line":36,"column":0},"end":{"line":36,"column":34}},"3":{"start":{"line":37,"column":0},"end":{"line":37,"column":31}},"4":{"start":{"line":38,"column":0},"end":{"line":38,"column":42}},"5":{"start":{"line":39,"column":0},"end":{"line":39,"column":39}},"6":{"start":{"line":40,"column":0},"end":{"line":40,"column":41}},"7":{"start":{"line":41,"column":0},"end":{"line":41,"column":41}},"8":{"start":{"line":42,"column":0},"end":{"line":42,"column":41}},"9":{"start":{"line":43,"column":0},"end":{"line":43,"column":41}},"10":{"start":{"line":44,"column":0},"end":{"line":44,"column":41}},"11":{"start":{"line":45,"column":0},"end":{"line":45,"column":44}},"12":{"start":{"line":46,"column":0},"end":{"line":46,"column":43}},"13":{"start":{"line":47,"column":0},"end":{"line":47,"column":43}},"14":{"start":{"line":48,"column":0},"end":{"line":48,"column":42}},"15":{"start":{"line":49,"column":0},"end":{"line":49,"column":39}},"16":{"start":{"line":50,"column":0},"end":{"line":50,"column":40}},"17":{"start":{"line":51,"column":0},"end":{"line":51,"column":42}},"18":{"start":{"line":52,"column":0},"end":{"line":52,"column":42}},"19":{"start":{"line":53,"column":0},"end":{"line":53,"column":44}},"20":{"start":{"line":54,"column":0},"end":{"line":54,"column":42}},"21":{"start":{"line":55,"column":0},"end":{"line":55,"column":45}},"22":{"start":{"line":56,"column":0},"end":{"line":56,"column":42}},"23":{"start":{"line":57,"column":0},"end":{"line":57,"column":39}},"24":{"start":{"line":58,"column":0},"end":{"line":58,"column":37}},"25":{"start":{"line":59,"column":0},"end":{"line":59,"column":42}},"26":{"start":{"line":60,"column":0},"end":{"line":60,"column":41}},"27":{"start":{"line":61,"column":0},"end":{"line":61,"column":39}},"28":{"start":{"line":62,"column":0},"end":{"line":62,"column":43}},"29":{"start":{"line":63,"column":0},"end":{"line":63,"column":41}},"30":{"start":{"line":64,"column":0},"end":{"line":64,"column":36}},"31":{"start":{"line":65,"column":0},"end":{"line":65,"column":38}},"32":{"start":{"line":66,"column":0},"end":{"line":66,"column":38}},"33":{"start":{"line":67,"column":0},"end":{"line":67,"column":38}},"34":{"start":{"line":68,"column":0},"end":{"line":68,"column":39}},"35":{"start":{"line":69,"column":0},"end":{"line":69,"column":38}},"36":{"start":{"line":70,"column":0},"end":{"line":70,"column":36}},"37":{"start":{"line":71,"column":0},"end":{"line":71,"column":35}},"38":{"start":{"line":72,"column":0},"end":{"line":72,"column":34}},"39":{"start":{"line":73,"column":0},"end":{"line":73,"column":37}},"40":{"start":{"line":74,"column":0},"end":{"line":74,"column":34}},"41":{"start":{"line":75,"column":0},"end":{"line":75,"column":34}},"42":{"start":{"line":76,"column":0},"end":{"line":76,"column":39}},"43":{"start":{"line":77,"column":0},"end":{"line":77,"column":34}},"44":{"start":{"line":78,"column":0},"end":{"line":78,"column":34}},"45":{"start":{"line":79,"column":0},"end":{"line":79,"column":37}},"46":{"start":{"line":80,"column":0},"end":{"line":80,"column":40}},"47":{"start":{"line":81,"column":0},"end":{"line":81,"column":35}},"48":{"start":{"line":82,"column":0},"end":{"line":82,"column":38}},"49":{"start":{"line":83,"column":0},"end":{"line":83,"column":40}},"50":{"start":{"line":84,"column":0},"end":{"line":84,"column":38}},"51":{"start":{"line":85,"column":0},"end":{"line":85,"column":34}},"52":{"start":{"line":86,"column":0},"end":{"line":86,"column":36}},"53":{"start":{"line":87,"column":0},"end":{"line":87,"column":37}},"54":{"start":{"line":88,"column":0},"end":{"line":88,"column":36}},"55":{"start":{"line":89,"column":0},"end":{"line":89,"column":39}},"56":{"start":{"line":90,"column":0},"end":{"line":90,"column":35}},"57":{"start":{"line":91,"column":0},"end":{"line":91,"column":37}},"58":{"start":{"line":92,"column":0},"end":{"line":92,"column":35}},"59":{"start":{"line":93,"column":0},"end":{"line":93,"column":37}},"60":{"start":{"line":94,"column":0},"end":{"line":94,"column":38}},"61":{"start":{"line":95,"column":0},"end":{"line":95,"column":38}},"62":{"start":{"line":96,"column":0},"end":{"line":96,"column":35}},"63":{"start":{"line":97,"column":0},"end":{"line":97,"column":35}},"64":{"start":{"line":98,"column":0},"end":{"line":98,"column":36}},"65":{"start":{"line":99,"column":0},"end":{"line":99,"column":39}},"66":{"start":{"line":100,"column":0},"end":{"line":100,"column":38}},"67":{"start":{"line":101,"column":0},"end":{"line":101,"column":35}},"68":{"start":{"line":102,"column":0},"end":{"line":102,"column":35}},"69":{"start":{"line":103,"column":0},"end":{"line":103,"column":36}},"70":{"start":{"line":104,"column":0},"end":{"line":104,"column":36}},"71":{"start":{"line":105,"column":0},"end":{"line":105,"column":39}},"72":{"start":{"line":106,"column":0},"end":{"line":106,"column":39}},"73":{"start":{"line":107,"column":0},"end":{"line":107,"column":44}},"74":{"start":{"line":108,"column":0},"end":{"line":108,"column":38}},"75":{"start":{"line":109,"column":0},"end":{"line":109,"column":38}},"76":{"start":{"line":110,"column":0},"end":{"line":110,"column":36}},"77":{"start":{"line":111,"column":0},"end":{"line":111,"column":38}},"78":{"start":{"line":112,"column":0},"end":{"line":112,"column":38}},"79":{"start":{"line":113,"column":0},"end":{"line":113,"column":37}},"80":{"start":{"line":114,"column":0},"end":{"line":114,"column":36}},"81":{"start":{"line":115,"column":0},"end":{"line":115,"column":36}},"82":{"start":{"line":116,"column":0},"end":{"line":116,"column":39}},"83":{"start":{"line":117,"column":0},"end":{"line":117,"column":37}},"84":{"start":{"line":118,"column":0},"end":{"line":118,"column":36}},"85":{"start":{"line":119,"column":0},"end":{"line":119,"column":40}},"86":{"start":{"line":120,"column":0},"end":{"line":120,"column":40}},"87":{"start":{"line":121,"column":0},"end":{"line":121,"column":39}},"88":{"start":{"line":122,"column":0},"end":{"line":122,"column":39}},"89":{"start":{"line":123,"column":0},"end":{"line":123,"column":39}},"90":{"start":{"line":124,"column":0},"end":{"line":124,"column":39}},"91":{"start":{"line":125,"column":0},"end":{"line":125,"column":40}},"92":{"start":{"line":126,"column":0},"end":{"line":126,"column":40}},"93":{"start":{"line":127,"column":0},"end":{"line":127,"column":41}},"94":{"start":{"line":128,"column":0},"end":{"line":128,"column":38}},"95":{"start":{"line":129,"column":0},"end":{"line":129,"column":41}},"96":{"start":{"line":130,"column":0},"end":{"line":130,"column":39}},"97":{"start":{"line":131,"column":0},"end":{"line":131,"column":41}},"98":{"start":{"line":132,"column":0},"end":{"line":132,"column":41}},"99":{"start":{"line":133,"column":0},"end":{"line":133,"column":39}},"100":{"start":{"line":134,"column":0},"end":{"line":134,"column":42}},"101":{"start":{"line":135,"column":0},"end":{"line":135,"column":38}},"102":{"start":{"line":136,"column":0},"end":{"line":136,"column":38}},"103":{"start":{"line":137,"column":0},"end":{"line":137,"column":38}},"104":{"start":{"line":138,"column":0},"end":{"line":138,"column":38}},"105":{"start":{"line":139,"column":0},"end":{"line":139,"column":37}},"106":{"start":{"line":140,"column":0},"end":{"line":140,"column":37}},"107":{"start":{"line":141,"column":0},"end":{"line":141,"column":39}},"108":{"start":{"line":142,"column":0},"end":{"line":142,"column":40}},"109":{"start":{"line":143,"column":0},"end":{"line":143,"column":39}},"110":{"start":{"line":144,"column":0},"end":{"line":144,"column":39}},"111":{"start":{"line":145,"column":0},"end":{"line":145,"column":37}},"112":{"start":{"line":146,"column":0},"end":{"line":146,"column":37}},"113":{"start":{"line":147,"column":0},"end":{"line":147,"column":40}},"114":{"start":{"line":148,"column":0},"end":{"line":148,"column":40}},"115":{"start":{"line":149,"column":0},"end":{"line":149,"column":39}},"116":{"start":{"line":150,"column":0},"end":{"line":150,"column":42}},"117":{"start":{"line":151,"column":0},"end":{"line":151,"column":38}},"118":{"start":{"line":152,"column":0},"end":{"line":152,"column":42}},"119":{"start":{"line":153,"column":0},"end":{"line":153,"column":38}},"120":{"start":{"line":154,"column":0},"end":{"line":154,"column":40}},"121":{"start":{"line":155,"column":0},"end":{"line":155,"column":38}},"122":{"start":{"line":156,"column":0},"end":{"line":156,"column":41}},"123":{"start":{"line":157,"column":0},"end":{"line":157,"column":42}},"124":{"start":{"line":158,"column":0},"end":{"line":158,"column":42}},"125":{"start":{"line":159,"column":0},"end":{"line":159,"column":42}},"126":{"start":{"line":160,"column":0},"end":{"line":160,"column":44}},"127":{"start":{"line":161,"column":0},"end":{"line":161,"column":41}},"128":{"start":{"line":162,"column":0},"end":{"line":162,"column":44}},"129":{"start":{"line":163,"column":0},"end":{"line":163,"column":41}},"130":{"start":{"line":164,"column":0},"end":{"line":164,"column":39}},"131":{"start":{"line":165,"column":0},"end":{"line":165,"column":43}},"132":{"start":{"line":166,"column":0},"end":{"line":166,"column":42}},"133":{"start":{"line":167,"column":0},"end":{"line":167,"column":36}},"134":{"start":{"line":168,"column":0},"end":{"line":168,"column":43}},"135":{"start":{"line":169,"column":0},"end":{"line":169,"column":41}},"136":{"start":{"line":170,"column":0},"end":{"line":170,"column":43}},"137":{"start":{"line":171,"column":0},"end":{"line":171,"column":44}},"138":{"start":{"line":172,"column":0},"end":{"line":172,"column":40}},"139":{"start":{"line":173,"column":0},"end":{"line":173,"column":43}},"140":{"start":{"line":174,"column":0},"end":{"line":174,"column":39}},"141":{"start":{"line":175,"column":0},"end":{"line":175,"column":37}},"142":{"start":{"line":176,"column":0},"end":{"line":176,"column":41}},"143":{"start":{"line":177,"column":0},"end":{"line":177,"column":35}},"144":{"start":{"line":178,"column":0},"end":{"line":178,"column":43}},"145":{"start":{"line":179,"column":0},"end":{"line":179,"column":41}},"146":{"start":{"line":180,"column":0},"end":{"line":180,"column":43}},"147":{"start":{"line":181,"column":0},"end":{"line":181,"column":38}},"148":{"start":{"line":182,"column":0},"end":{"line":182,"column":42}},"149":{"start":{"line":183,"column":0},"end":{"line":183,"column":45}},"150":{"start":{"line":184,"column":0},"end":{"line":184,"column":42}},"151":{"start":{"line":185,"column":0},"end":{"line":185,"column":41}},"152":{"start":{"line":186,"column":0},"end":{"line":186,"column":41}},"153":{"start":{"line":187,"column":0},"end":{"line":187,"column":44}},"154":{"start":{"line":188,"column":0},"end":{"line":188,"column":40}},"155":{"start":{"line":189,"column":0},"end":{"line":189,"column":39}},"156":{"start":{"line":190,"column":0},"end":{"line":190,"column":40}},"157":{"start":{"line":191,"column":0},"end":{"line":191,"column":35}},"158":{"start":{"line":192,"column":0},"end":{"line":192,"column":38}},"159":{"start":{"line":193,"column":0},"end":{"line":193,"column":39}},"160":{"start":{"line":194,"column":0},"end":{"line":194,"column":45}},"161":{"start":{"line":195,"column":0},"end":{"line":195,"column":40}},"162":{"start":{"line":196,"column":0},"end":{"line":196,"column":41}},"163":{"start":{"line":197,"column":0},"end":{"line":197,"column":40}},"164":{"start":{"line":198,"column":0},"end":{"line":198,"column":40}},"165":{"start":{"line":199,"column":0},"end":{"line":199,"column":39}},"166":{"start":{"line":200,"column":0},"end":{"line":200,"column":35}},"167":{"start":{"line":201,"column":0},"end":{"line":201,"column":42}},"168":{"start":{"line":202,"column":0},"end":{"line":202,"column":41}},"169":{"start":{"line":203,"column":0},"end":{"line":203,"column":39}},"170":{"start":{"line":204,"column":0},"end":{"line":204,"column":41}},"171":{"start":{"line":205,"column":0},"end":{"line":205,"column":39}},"172":{"start":{"line":206,"column":0},"end":{"line":206,"column":34}},"173":{"start":{"line":207,"column":0},"end":{"line":207,"column":36}},"174":{"start":{"line":208,"column":0},"end":{"line":208,"column":34}},"175":{"start":{"line":209,"column":0},"end":{"line":209,"column":39}},"176":{"start":{"line":210,"column":0},"end":{"line":210,"column":34}},"177":{"start":{"line":211,"column":0},"end":{"line":211,"column":34}},"178":{"start":{"line":212,"column":0},"end":{"line":212,"column":35}},"179":{"start":{"line":213,"column":0},"end":{"line":213,"column":37}},"180":{"start":{"line":214,"column":0},"end":{"line":214,"column":34}},"181":{"start":{"line":215,"column":0},"end":{"line":215,"column":35}},"182":{"start":{"line":216,"column":0},"end":{"line":216,"column":37}},"183":{"start":{"line":217,"column":0},"end":{"line":217,"column":36}},"184":{"start":{"line":218,"column":0},"end":{"line":218,"column":38}},"185":{"start":{"line":219,"column":0},"end":{"line":219,"column":39}},"186":{"start":{"line":220,"column":0},"end":{"line":220,"column":39}},"187":{"start":{"line":221,"column":0},"end":{"line":221,"column":36}},"188":{"start":{"line":222,"column":0},"end":{"line":222,"column":39}},"189":{"start":{"line":223,"column":0},"end":{"line":223,"column":34}},"190":{"start":{"line":224,"column":0},"end":{"line":224,"column":35}},"191":{"start":{"line":225,"column":0},"end":{"line":225,"column":40}},"192":{"start":{"line":226,"column":0},"end":{"line":226,"column":37}},"193":{"start":{"line":227,"column":0},"end":{"line":227,"column":39}},"194":{"start":{"line":228,"column":0},"end":{"line":228,"column":36}},"195":{"start":{"line":229,"column":0},"end":{"line":229,"column":39}},"196":{"start":{"line":230,"column":0},"end":{"line":230,"column":43}},"197":{"start":{"line":231,"column":0},"end":{"line":231,"column":24}}},"branchMap":{},"code":["/**"," * name: ubique"," * version: 0.5.1"," * update date: 2015-09-23"," * "," * author: Max Todaro <m.todaro.ge@gmail.com>"," * homepage: http://maxto.github.io/index.html"," * "," * description: A mathematical and quantitative library for Javascript and Node.js"," * "," *"," * The MIT License (MIT)"," * "," * Copyright© 2014-2015 Max Todaro"," * "," * Permission is hereby granted, free of charge, to any person obtaining a copy"," * of this software and associated documentation files (the \"Software\"), to deal"," * in the Software without restriction, including without limitation the rights"," * to use, copy, modify, merge, publish, distribute, sublicense, and/or sell"," * copies of the Software, and to permit persons to whom the Software is"," * furnished to do so, subject to the following conditions:"," * "," * The above copyright notice and this permission notice shall be included in all"," * copies or substantial portions of the Software."," *"," * THE SOFTWARE IS PROVIDED \"AS IS\", WITHOUT WARRANTY OF ANY KIND, EXPRESS OR"," * IMPLIED, INCLUDING BUT NOT LIMITED TO THE WARRANTIES OF MERCHANTABILITY,"," * FITNESS FOR A PARTICULAR PURPOSE AND NONINFRINGEMENT. IN NO EVENT SHALL THE"," * AUTHORS OR COPYRIGHT HOLDERS BE LIABLE FOR ANY CLAIM, DAMAGES OR OTHER"," * LIABILITY, WHETHER IN AN ACTION OF CONTRACT, TORT OR OTHERWISE, ARISING FROM,"," * OUT OF OR IN CONNECTION WITH THE SOFTWARE OR THE USE OR OTHER DEALINGS IN THE"," * SOFTWARE."," */","","var ubique = {};","require('./constants.js')(ubique);","require('./extlib.js')(ubique);","require('./datatype/arrayfun.js')(ubique);","require('./datatype/clock.js')(ubique);","require('./datatype/datavec.js')(ubique);","require('./datatype/datenum.js')(ubique);","require('./datatype/datestr.js')(ubique);","require('./datatype/isarray.js')(ubique);","require('./datatype/isempty.js')(ubique);","require('./datatype/isfunction.js')(ubique);","require('./datatype/isinteger.js')(ubique);","require('./datatype/islogical.js')(ubique);","require('./datatype/ismatrix.js')(ubique);","require('./datatype/isnan.js')(ubique);","require('./datatype/isnull.js')(ubique);","require('./datatype/isnumber.js')(ubique);","require('./datatype/isscalar.js')(ubique);","require('./datatype/issingular.js')(ubique);","require('./datatype/isstring.js')(ubique);","require('./datatype/isundefined.js')(ubique);","require('./datatype/isvector.js')(ubique);","require('./datatype/month.js')(ubique);","require('./datatype/now.js')(ubique);","require('./datatype/randchar.js')(ubique);","require('./datatype/strfind.js')(ubique);","require('./datatype/today.js')(ubique);","require('./datatype/vectorfun.js')(ubique);","require('./datatype/weekday.js')(ubique);","require('./elemop/ceil.js')(ubique);","require('./elemop/cumdev.js')(ubique);","require('./elemop/cummax.js')(ubique);","require('./elemop/cummin.js')(ubique);","require('./elemop/cumprod.js')(ubique);","require('./elemop/cumsum.js')(ubique);","require('./elemop/diff.js')(ubique);","require('./elemop/dot.js')(ubique);","require('./elemop/eq.js')(ubique);","require('./elemop/floor.js')(ubique);","require('./elemop/ge.js')(ubique);","require('./elemop/gt.js')(ubique);","require('./elemop/ldivide.js')(ubique);","require('./elemop/le.js')(ubique);","require('./elemop/lt.js')(ubique);","require('./elemop/minus.js')(ubique);","require('./elemop/mldivide.js')(ubique);","require('./elemop/mod.js')(ubique);","require('./elemop/mpower.js')(ubique);","require('./elemop/mrdivide.js')(ubique);","require('./elemop/mtimes.js')(ubique);","require('./elemop/ne.js')(ubique);","require('./elemop/plus.js')(ubique);","require('./elemop/power.js')(ubique);","require('./elemop/prod.js')(ubique);","require('./elemop/rdivide.js')(ubique);","require('./elemop/rem.js')(ubique);","require('./elemop/round.js')(ubique);","require('./elemop/sum.js')(ubique);","require('./elemop/times.js')(ubique);","require('./elemop/uminus.js')(ubique);","require('./elemop/unique.js')(ubique);","require('./elmath/abs.js')(ubique);","require('./elmath/erf.js')(ubique);","require('./elmath/erfc.js')(ubique);","require('./elmath/erfcinv.js')(ubique);","require('./elmath/erfinv.js')(ubique);","require('./elmath/exp.js')(ubique);","require('./elmath/log.js')(ubique);","require('./elmath/sign.js')(ubique);","require('./elmath/sqrt.js')(ubique);","require('./linalgebra/det.js')(ubique);","require('./linalgebra/inv.js')(ubique);","require('./linalgebra/linsolve.js')(ubique);","require('./linalgebra/lu.js')(ubique);","require('./matarrs/array.js')(ubique);","require('./matarrs/cat.js')(ubique);","require('./matarrs/clone.js')(ubique);","require('./matarrs/colon.js')(ubique);","require('./matarrs/diag.js')(ubique);","require('./matarrs/end.js')(ubique);","require('./matarrs/eye.js')(ubique);","require('./matarrs/falses.js')(ubique);","require('./matarrs/find.js')(ubique);","require('./matarrs/fix.js')(ubique);","require('./matarrs/flatten.js')(ubique);","require('./matarrs/flipdim.js')(ubique);","require('./matarrs/fliplr.js')(ubique);","require('./matarrs/flipud.js')(ubique);","require('./matarrs/getcol.js')(ubique);","require('./matarrs/getrow.js')(ubique);","require('./matarrs/horzcat.js')(ubique);","require('./matarrs/ind2sub.js')(ubique);","require('./matarrs/iscolumn.js')(ubique);","require('./matarrs/isrow.js')(ubique);","require('./matarrs/issquare.js')(ubique);","require('./matarrs/length.js')(ubique);","require('./matarrs/linspace.js')(ubique);","require('./matarrs/logspace.js')(ubique);","require('./matarrs/matrix.js')(ubique);","require('./matarrs/mergesort.js')(ubique);","require('./matarrs/ncols.js')(ubique);","require('./matarrs/ndims.js')(ubique);","require('./matarrs/nrows.js')(ubique);","require('./matarrs/numel.js')(ubique);","require('./matarrs/ones.js')(ubique);","require('./matarrs/rand.js')(ubique);","require('./matarrs/repmat.js')(ubique);","require('./matarrs/reshape.js')(ubique);","require('./matarrs/setcol.js')(ubique);","require('./matarrs/setrow.js')(ubique);","require('./matarrs/size.js')(ubique);","require('./matarrs/sort.js')(ubique);","require('./matarrs/squeeze.js')(ubique);","require('./matarrs/sub2ind.js')(ubique);","require('./matarrs/subset.js')(ubique);","require('./matarrs/subsetlin.js')(ubique);","require('./matarrs/tomat.js')(ubique);","require('./matarrs/transpose.js')(ubique);","require('./matarrs/trues.js')(ubique);","require('./matarrs/vertcat.js')(ubique);","require('./matarrs/zeros.js')(ubique);","require('./probdistr/jbtest.js')(ubique);","require('./probdistr/normcdf.js')(ubique);","require('./probdistr/norminv.js')(ubique);","require('./probdistr/normpdf.js')(ubique);","require('./quants/activereturn.js')(ubique);","require('./quants/adjsharpe.js')(ubique);","require('./quants/annadjsharpe.js')(ubique);","require('./quants/annreturn.js')(ubique);","require('./quants/annrisk.js')(ubique);","require('./quants/avgdrawdown.js')(ubique);","require('./quants/burkeratio.js')(ubique);","require('./quants/cagr.js')(ubique);","require('./quants/calmarratio.js')(ubique);","require('./quants/cdrawdown.js')(ubique);","require('./quants/downsidepot.js')(ubique);","require('./quants/downsiderisk.js')(ubique);","require('./quants/drawdown.js')(ubique);","require('./quants/histcondvar.js')(ubique);","require('./quants/histvar.js')(ubique);","require('./quants/hurst.js')(ubique);","require('./quants/inforatio.js')(ubique);","require('./quants/irr.js')(ubique);","require('./quants/jensenalpha.js')(ubique);","require('./quants/m2sortino.js')(ubique);","require('./quants/martinratio.js')(ubique);","require('./quants/mdietz.js')(ubique);","require('./quants/modigliani.js')(ubique);","require('./quants/montecarlovar.js')(ubique);","require('./quants/omegaratio.js')(ubique);","require('./quants/painindex.js')(ubique);","require('./quants/painratio.js')(ubique);","require('./quants/paramcondvar.js')(ubique);","require('./quants/paramvar.js')(ubique);","require('./quants/percpos.js')(ubique);","require('./quants/ret2tick.js')(ubique);","require('./quants/ror.js')(ubique);","require('./quants/sharpe.js')(ubique);","require('./quants/sortino.js')(ubique);","require('./quants/sterlingratio.js')(ubique);","require('./quants/tick2ret.js')(ubique);","require('./quants/tomonthly.js')(ubique);","require('./quants/toweekly.js')(ubique);","require('./quants/trackerr.js')(ubique);","require('./quants/treynor.js')(ubique);","require('./quants/twr.js')(ubique);","require('./quants/ulcerindex.js')(ubique);","require('./quants/upsidepot.js')(ubique);","require('./reglin/interp1.js')(ubique);","require('./reglin/linearreg.js')(ubique);","require('./stats/corrcoef.js')(ubique);","require('./stats/cov.js')(ubique);","require('./stats/histc.js')(ubique);","require('./stats/iqr.js')(ubique);","require('./stats/kurtosis.js')(ubique);","require('./stats/mad.js')(ubique);","require('./stats/max.js')(ubique);","require('./stats/mean.js')(ubique);","require('./stats/median.js')(ubique);","require('./stats/min.js')(ubique);","require('./stats/mode.js')(ubique);","require('./stats/moment.js')(ubique);","require('./stats/pdist.js')(ubique);","require('./stats/prctile.js')(ubique);","require('./stats/quantile.js')(ubique);","require('./stats/quartile.js')(ubique);","require('./stats/range.js')(ubique);","require('./stats/skewness.js')(ubique);","require('./stats/std.js')(ubique);","require('./stats/varc.js')(ubique);","require('./stats/xkurtosis.js')(ubique);","require('./stats/zscore.js')(ubique);","require('./util/argsarray.js')(ubique);","require('./util/format.js')(ubique);","require('./datafeed/yahoo.js')(ubique);","require('./datafeed/yahooSync.js')(ubique);","module.exports = ubique;"],"l":{"35":1,"36":1,"37":1,"38":1,"39":1,"40":1,"41":1,"42":1,"43":1,"44":1,"45":1,"46":1,"47":1,"48":1,"49":1,"50":1,"51":1,"52":1,"53":1,"54":1,"55":1,"56":1,"57":1,"58":1,"59":1,"60":1,"61":1,"62":1,"63":1,"64":1,"65":1,"66":1,"67":1,"68":1,"69":1,"70":1,"71":1,"72":1,"73":1,"74":1,"75":1,"76":1,"77":1,"78":1,"79":1,"80":1,"81":1,"82":1,"83":1,"84":1,"85":1,"86":1,"87":1,"88":1,"89":1,"90":1,"91":1,"92":1,"93":1,"94":1,"95":1,"96":1,"97":1,"98":1,"99":1,"100":1,"101":1,"102":1,"103":1,"104":1,"105":1,"106":1,"107":1,"108":1,"109":1,"110":1,"111":1,"112":1,"113":1,"114":1,"115":1,"116":1,"117":1,"118":1,"119":1,"120":1,"121":1,"122":1,"123":1,"124":1,"125":1,"126":1,"127":1,"128":1,"129":1,"130":1,"131":1,"132":1,"133":1,"134":1,"135":1,"136":1,"137":1,"138":1,"139":1,"140":1,"141":1,"142":1,"143":1,"144":1,"145":1,"146":1,"147":1,"148":1,"149":1,"150":1,"151":1,"152":1,"153":1,"154":1,"155":1,"156":1,"157":1,"158":1,"159":1,"160":1,"161":1,"162":1,"163":1,"164":1,"165":1,"166":1,"167":1,"168":1,"169":1,"170":1,"171":1,"172":1,"173":1,"174":1,"175":1,"176":1,"177":1,"178":1,"179":1,"180":1,"181":1,"182":1,"183":1,"184":1,"185":1,"186":1,"187":1,"188":1,"189":1,"190":1,"191":1,"192":1,"193":1,"194":1,"195":1,"196":1,"197":1,"198":1,"199":1,"200":1,"201":1,"202":1,"203":1,"204":1,"205":1,"206":1,"207":1,"208":1,"209":1,"210":1,"211":1,"212":1,"213":1,"214":1,"215":1,"216":1,"217":1,"218":1,"219":1,"220":1,"221":1,"222":1,"223":1,"224":1,"225":1,"226":1,"227":1,"228":1,"229":1,"230":1,"231":1}},"/home/travis/build/npmtest/node-npmtest-ubique/node_modules/ubique/lib/constants.js":{"path":"/home/travis/build/npmtest/node-npmtest-ubique/node_modules/ubique/lib/constants.js","s":{"1":1,"2":1,"3":1,"4":1,"5":1,"6":1,"7":1,"8":1,"9":1,"10":1,"11":1,"12":1,"13":1,"14":1},"b":{},"f":{"1":1},"fnMap":{"1":{"name":"(anonymous_1)","line":4,"loc":{"start":{"line":4,"column":17},"end":{"line":4,"column":30}}}},"statementMap":{"1":{"start":{"line":4,"column":0},"end":{"line":22,"column":1}},"2":{"start":{"line":9,"column":1},"end":{"line":9,"column":35}},"3":{"start":{"line":10,"column":1},"end":{"line":10,"column":30}},"4":{"start":{"line":11,"column":1},"end":{"line":11,"column":30}},"5":{"start":{"line":12,"column":1},"end":{"line":12,"column":17}},"6":{"start":{"line":13,"column":1},"end":{"line":13,"column":15}},"7":{"start":{"line":14,"column":1},"end":{"line":14,"column":19}},"8":{"start":{"line":15,"column":1},"end":{"line":15,"column":21}},"9":{"start":{"line":16,"column":1},"end":{"line":16,"column":23}},"10":{"start":{"line":17,"column":1},"end":{"line":17,"column":25}},"11":{"start":{"line":18,"column":1},"end":{"line":18,"column":27}},"12":{"start":{"line":19,"column":1},"end":{"line":19,"column":23}},"13":{"start":{"line":20,"column":1},"end":{"line":20,"column":48}},"14":{"start":{"line":21,"column":1},"end":{"line":21,"column":40}}},"branchMap":{},"code":["/**"," * Constants properties"," */","module.exports = function($u) {","/**"," * Constants values"," * @type {number}"," */"," $u.Inf = Number.POSITIVE_INFINITY;"," $u.maxval = Number.MAX_VALUE;"," $u.minval = Number.MIN_VALUE;"," $u.PI = Math.PI;"," $u.E = Math.E;"," $u.LN2 = Math.LN2;"," $u.LN10 = Math.LN10;"," $u.LOG2E = Math.LOG2E;"," $u.LOG10E = Math.LOG10E;"," $u.SQRT1_2 = Math.SQRT1_2;"," $u.SQRT2 = Math.SQRT2;"," $u.eps = 2.2204460492503130808472633361816E-16;"," $u.phi = 1.618033988749894848204586834;","}",""],"l":{"4":1,"9":1,"10":1,"11":1,"12":1,"13":1,"14":1,"15":1,"16":1,"17":1,"18":1,"19":1,"20":1,"21":1}},"/home/travis/build/npmtest/node-npmtest-ubique/node_modules/ubique/lib/extlib.js":{"path":"/home/travis/build/npmtest/node-npmtest-ubique/node_modules/ubique/lib/extlib.js","s":{"1":1,"2":1,"3":1,"4":1},"b":{},"f":{"1":1},"fnMap":{"1":{"name":"(anonymous_1)","line":4,"loc":{"start":{"line":4,"column":17},"end":{"line":4,"column":30}}}},"statementMap":{"1":{"start":{"line":4,"column":0},"end":{"line":11,"column":1}},"2":{"start":{"line":6,"column":1},"end":{"line":6,"column":33}},"3":{"start":{"line":8,"column":1},"end":{"line":8,"column":35}},"4":{"start":{"line":10,"column":1},"end":{"line":10,"column":44}}},"branchMap":{},"code":["/**"," * External Library"," */","module.exports = function($u) {"," // moment.js - Parse, validate, manipulate, and display dates in JavaScript (http://momentjs.com/)"," $u.__moment = require('moment');"," // request.js - Simplified HTTP request client (https://github.com/request/request)"," $u.__request = require('requ
[...]
mtest/node-npmtest-ubique/node_modules/ubique/lib/datafeed/yahoo.js":{"path":"/home/travis/build/npmtest/node-npmtest-ubique/node_modules/ubique/lib/datafeed/yahoo.js","s":{"1":1,"2":1,"3":0,"4":0,"5":0,"6":0,"7":0,"8":0,"9":0,"10":0,"11":0,"12":0,"13":0,"14":0,"15":0,"16":0,"17":0,"18":0,"19":0,"20":0,"21":0,"22":0,"23":0,"24":0,"25":0,"26":0,"27":0,"28":0,"29":0,"30":0,"31":0,"32":0,"33":0,"34":0,"35":0,"36":0,"37":0,"38":0,"39":0,"40":0,"41":0,"42":0},"b":{"1":[0,0],"2":[0,0],"3":[0,0],"4":[0,0],"5":[0,0],"6":[0,0],"7":[0,0]},"f":{"1":1,"2":0,"3":0,"4":0,"5":0},"fnMap":{"1":{"name":"(anonymous_1)","line":4,"loc":{"start":{"line":4,"column":18},"end":{"line":4,"column":32}}},"2":{"name":"(anonymous_2)","line":59,"loc":{"start":{"line":59,"column":14},"end":{"line":59,"column":41}}},"3":{"name":"(anonymous_3)","line":66,"loc":{"start":{"line":66,"column":27},"end":{"line":66,"column":38}}},"4":{"name":"(anonymous_4)","line":83,"loc":{"start":{"line":83,"column":19},"end":{"line":83,"column":42}}},"5":{"name":"(anonymous_5)","line":95,"loc":{"start":{"line":95,"column":23},"end":{"line":95,"column":36}}}},"statementMap":{"1":{"start":{"line":4,"column":1},"end":{"line":125,"column":1}},"2":{"start":{"line":55,"column":1},"end":{"line":123,"column":1}},"3":{"start":{"line":60,"column":4},"end":{"line":60,"column":28}},"4":{"start":{"line":61,"column":4},"end":{"line":61,"column":44}},"5":{"start":{"line":62,"column":4},"end":{"line":62,"column":40}},"6":{"start":{"line":63,"column":4},"end":{"line":63,"column":67}},"7":{"start":{"line":64,"column":4},"end":{"line":64,"column":43}},"8":{"start":{"line":65,"column":4},"end":{"line":65,"column":46}},"9":{"start":{"line":66,"column":4},"end":{"line":66,"column":41}},"10":{"start":{"line":68,"column":4},"end":{"line":68,"column":15}},"11":{"start":{"line":69,"column":4},"end":{"line":69,"column":19}},"12":{"start":{"line":70,"column":4},"end":{"line":70,"column":20}},"13":{"start":{"line":71,"column":4},"end":{"line":71,"column":51}},"14":{"start":{"line":72,"column":4},"end":{"line":72,"column":49}},"15":{"start":{"line":75,"column":2},"end":{"line":75,"column":19}},"16":{"start":{"line":76,"column":2},"end":{"line":76,"column":29}},"17":{"start":{"line":77,"column":2},"end":{"line":77,"column":52}},"18":{"start":{"line":78,"column":2},"end":{"line":78,"column":71}},"19":{"start":{"line":79,"column":2},"end":{"line":79,"column":68}},"20":{"start":{"line":80,"column":2},"end":{"line":80,"column":41}},"21":{"start":{"line":81,"column":2},"end":{"line":81,"column":64}},"22":{"start":{"line":83,"column":2},"end":{"line":120,"column":5}},"23":{"start":{"line":85,"column":4},"end":{"line":85,"column":39}},"24":{"start":{"line":86,"column":4},"end":{"line":86,"column":44}},"25":{"start":{"line":87,"column":4},"end":{"line":87,"column":19}},"26":{"start":{"line":88,"column":4},"end":{"line":88,"column":19}},"27":{"start":{"line":89,"column":4},"end":{"line":89,"column":19}},"28":{"start":{"line":90,"column":4},"end":{"line":90,"column":18}},"29":{"start":{"line":91,"column":4},"end":{"line":91,"column":20}},"30":{"start":{"line":92,"column":4},"end":{"line":92,"column":21}},"31":{"start":{"line":93,"column":4},"end":{"line":93,"column":23}},"32":{"start":{"line":95,"column":4},"end":{"line":104,"column":7}},"33":{"start":{"line":96,"column":6},"end":{"line":96,"column":31}},"34":{"start":{"line":97,"column":6},"end":{"line":97,"column":26}},"35":{"start":{"line":98,"column":6},"end":{"line":98,"column":34}},"36":{"start":{"line":99,"column":6},"end":{"line":99,"column":34}},"37":{"start":{"line":100,"column":6},"end":{"line":100,"column":33}},"38":{"start":{"line":101,"column":6},"end":{"line":101,"column":35}},"39":{"start":{"line":102,"column":6},"end":{"line":102,"column":36}},"40":{"start":{"line":103,"column":6},"end":{"line":103,"column":38}},"41":{"start":{"line":106,"column":4},"end":{"line":118,"column":6}},"42":{"start":{"line":119,"column":4},"end":{"line":119,"column":21}}},"branchMap":{"1":{"line":60,"type":"binary-expr","locations":[{"start":{"line":60,"column":14},"end":{"line":60,"column":21}},{"start":{"line":60,"column":25},"end":{"line":60,"column":27}}]},"2":{"line":61,"type":"binary-expr","locations":[{"start":{"line":61,"column":21},"end":{"line":61,"column":35}},{"start":{"line":61,"column":39},"end":{"line":61,"column":43}}]},"3":{"line":62,"type":"binary-expr","locations":[{"start":{"line":62,"column":19},"end":{"line":62,"column":31}},{"start":{"line":62,"column":35},"end":{"line":62,"column":39}}]},"4":{"line":63,"type":"binary-expr","locations":[{"start":{"line":63,"column":17},"end":{"line":63,"column":27}},{"start":{"line":63,"column":31},"end":{"line":63,"column":66}}]},"5":{"line":64,"type":"binary-expr","locations":[{"start":{"line":64,"column":21},"end":{"line":64,"column":35}},{"start":{"line":64,"column":39},"end":{"line":64,"column":42}}]},"6":{"line":65,"type":"binary-expr","locations":[{"start":{"line":65,"column":18},"end":{"line":65,"column":29}},{"start":{"line":65,"column":33},"end":{"line":65,"column":45}}]},"7":{"line":66,"type":"binary-expr","locations":[{"start":{"line":66,"column":15},"end":{"line":66,"column":23}},{"start":{"line":66,"column":27},"end":{"line":66,"column":40}}]}},"code":["/**"," * Datafeed"," */"," module.exports = function ($u) {","/**"," * @method yahoo"," * @summary Download CSV Yahoo Finance historical (async request)"," * @description Download CSV Yahoo Finance historical. Returns an object:"," * "," * {"," *   'symbol': options.symbol,"," *   'from': options.from,"," *   'to': options.to,"," *   'period': options.period,"," *   'date': nDate,"," *   'open': nOpen,"," *   'high': nHigh,"," *   'low': nLow,"," *   'close': nClose,"," *   'volume': nVolume,"," *   'adjclose': nAdjClose"," * }"," *"," * @param {object} options options with fields:"," *                         .symbol Yahoo symbol name"," *                         .from start date"," *                         .to last date"," *                         .period period \"d\",\"w\",\"m\""," *                         .fmt date format (def: \"YYYY-MM-DD\")"," * "," * @return {object} "," *"," * @example"," * // var options = {'symbol': 'AAPL','from': '2015-01-02','to': '2015-01-08','period': 'd'};"," * // ubique.yahoo.historical(options,function(err,data) {"," * // console.log(data)"," * // });"," * //"," * // { symbol: 'AAPL',"," * //     from: '2015-01-02',"," * //       to: '2015-01-08',"," * //   period: 'd',"," * //     date: [ '2015-01-02',"," * //             '2015-01-05',"," * //             '2015-01-06',"," * //             '2015-01-07',"," * //             '2015-01-08' ],"," * //             open: [ 111.39, 108.29, 106.54, 107.2, 109.23 ],"," * //             high: [ 111.44, 108.65, 107.43, 108.2, 112.15 ],"," * //             low: [ 107.35, 105.41, 104.63, 106.7, 108.7 ],"," * //             close: [ 109.33, 106.25, 106.26, 107.75, 111.89 ],"," * //             volume: [ 53204600, 64285500, 65797100, 40105900, 59364500 ],"," * //             adjclose: [ 108.44723, 105.3921, 105.40202, 106.87998, 110.98656 ] }"," */"," $u.yahoo = {","  histurl: 'http://real-chart.finance.yahoo.com/table.csv?',","  ip: '',","  port: '',","  historical: function(options,callback) {","    options = options || {};","    options.symbol = options.symbol || null;","    options.from = options.from || null;","    options.to = options.to || $u.datestr($u.today(),'YYYY-MM-DD');","    options.period = options.period || 'd';","    options.fmt = options.fmt || 'YYYY-MM-DD';","    callback = callback || function() {};","","    var D = {};","    var dates = [];","    var values = [];","    var sdt = $u.datevec(options.from,options.fmt);","    var edt = $u.datevec(options.to,options.fmt);","","  // set URL string","  var cvsdata = {};","  var urlxp = '&ignore=.csv';","  var urlsym = '&s=' + options.symbol.toUpperCase();","  var urlfrom = '&a=' + (sdt[1] - 1) + '&b=' + sdt[2] + '&c=' + sdt[0];","  var urlto = '&d=' + (edt[1] -1) + '&e=' + edt[2] + '&f=' + edt[0];","  var urlperiod = '&g=' + options.period;","  var URL = this.histurl + urlsym + urlfrom + urlto + urlperiod;","","  $u.__request(URL,function(err,res,body) {","","    cvsdata =  body.trim().split('\\n');","    var header = cvsdata.shift().split(',');","    var nDate = [];","    var nOpen = [];","    var nHigh = [];","    var nLow = [];","    var nClose = [];","    var nVolume = [];","    var nAdjClose = [];","","    cvsdata.sort().map(function(el) {","      var temp = el.split(',');","      nDate.push(temp[0]);","      nOpen.push(Number(temp[1]));","      nHigh.push(Number(temp[2]));","      nLow.push(Number(temp[3]));","      nClose.push(Number(temp[4]));","      nVolume.push(Number(temp[5]));","      nAdjClose.push(Number(temp[6]));","    });","","    D = {","      'symbol': options.symbol,","      'from': options.from,","      'to': options.to,","      'period': options.period,","      'date': nDate,","      'open': nOpen,","      'high': nHigh,","      'low': nLow,","      'close': nClose,","      'volume': nVolume,","      'adjclose': nAdjClose","    };","    callback(null,D);","  });","","}","}","","}"],"l":{"4":1,"55":1,"60":0,"61":0,"62":0,"63":0,"64":0,"65":0,"66":0,"68":0,"69":0,"70":0,"71":0,"72":0,"75":0,"76":0,"77":0,"78":0,"79":0,"80":0,"81":0,"83":0,"85":0,"86":0,"87":0,"88":0,"89":0,"90":0,"91":0,"92":0,"93":0,"95":0,"96":0,"97":0,"98":0,"99":0,"100":0,"101":0,"102":0,"103":0,"106":0,"119":0}},"/home/travis/build/npmtest/node-npmtest-ubique/node_modules/ubique/lib/datafeed/yahooSync.js":{"path":"/home/travis/build/npmtest/node-npmtest-ubique/node_modules/ubique/lib/datafeed/yahooSync.js","s":{"1":1,"2":1,"3":0,"4":0,"5":0,"6":0,"7":0,"8":0,"9":0,"10":0,"11":0,"12":0,"13":0,"14":0,"15":0,"16":0,"17":0,"18":0,"19":0,"20":0,"21":0,"22":0,"23":0,"24":0,"25":0,"26":0,"27":0,"28":0,"29":0,"30":0,"31":0,"32":0,"33":0,"34":0,"35":0,"36":0,"37":0,"38":0,"39":0,"40":0,"41":0},"b":{"1":[0,0],"2":[0,0],"3":[0,0],"4":[0,0],"5":[0,0],"6":[0,0]},"f":{"1":1,"2":0,"3":0},"fnMap":{"1":{"name":"(anonymous_1)","line":4,"loc":{"start":{"line":4,"column":18},"end":{"line":4,"column":32}}},"2":{"name":"(anonymous_2)","line":58,"loc":{"start":{"line":58,"column":14},"end":{"line":58,"column":32}}},"3":{"name":"(anonymous_3)","line":93,"loc":{"start":{"line":93,"column":21},"end":{"line":93,"column":34}}}},"statementMap":{"1":{"start":{"line":4,"column":1},"end":{"line":122,"column":1}},"2":{"start":{"line":54,"column":1},"end":{"line":120,"column":1}},"3":{"start":{"line":59,"column":4},"end":{"line":59,"column":28}},"4":{"start":{"line":60,"column":4},"end":{"line":60,"column":44}},"5":{"start":{"line":61,"column":4},"end":{"line":61,"column":40}},"6":{"start":{"line":62,"column":4},"end":{"line":62,"column":67}},"7":{"start":{"line":63,"column":4},"end":{"line":63,"column":43}},"8":{"start":{"line":64,"column":4},"end":{"line":64,"column":46}},"9":{"start":{"line":66,"column":4},"end":{"line":66,"column":15}},"10":{"start":{"line":67,"column":4},"end":{"line":67,"column":19}},"11":{"start":{"line":68,"column":4},"end":{"line":68,"column":20}},"12":{"start":{"line":69,"column":4},"end":{"line":69,"column":51}},"13":{"start":{"line":70,"column":4},"end":{"line":70,"column":49}},"14":{"start":{"line":73,"column":2},"end":{"line":73,"column":19}},"15":{"start":{"line":74,"column":2},"end":{"line":74,"column":29}},"16":{"start":{"line":75,"column":2},"end":{"line":75,"column":52}},"17":{"start":{"line":76,"column":2},"end":{"line":76,"column":71}},"18":{"start":{"line":77,"column":2},"end":{"line":77,"column":69}},"19":{"start":{"line":78,"column":2},"end":{"line":78,"column":41}},"20":{"start":{"line":79,"column":2},"end":{"line":79,"column":64}},"21":{"start":{"line":81,"column":2},"end":{"line":81,"column":40}},"22":{"start":{"line":83,"column":2},"end":{"line":83,"column":52}},"23":{"start":{"line":84,"column":2},"end":{"line":84,"column":42}},"24":{"start":{"line":85,"column":2},"end":{"line":85,"column":17}},"25":{"start":{"line":86,"column":2},"end":{"line":86,"column":17}},"26":{"start":{"line":87,"column":2},"end":{"line":87,"column":17}},"27":{"start":{"line":88,"column":2},"end":{"line":88,"column":16}},"28":{"start":{"line":89,"column":2},"end":{"line":89,"column":18}},"29":{"start":{"line":90,"column":2},"end":{"line":90,"column":19}},"30":{"start":{"line":91,"column":2},"end":{"line":91,"column":21}},"31":{"start":{"line":93,"column":2},"end":{"line":102,"column":5}},"32":{"start":{"line":94,"column":4},"end":{"line":94,"column":29}},"33":{"start":{"line":95,"column":4},"end":{"line":95,"column":24}},"34":{"start":{"line":96,"column":4},"end":{"line":96,"column":32}},"35":{"start":{"line":97,"column":4},"end":{"line":97,"column":32}},"36":{"start":{"line":98,"column":4},"end":{"line":98,"column":31}},"37":{"start":{"line":99,"column":4},"end":{"line":99,"column":33}},"38":{"start":{"line":100,"column":4},"end":{"line":100,"column":34}},"39":{"start":{"line":101,"column":4},"end":{"line":101,"column":36}},"40":{"start":{"line":104,"column":2},"end":{"line":116,"column":4}},"41":{"start":{"line":117,"column":2},"end":{"line":117,"column":11}}},"branchMap":{"1":{"line":59,"type":"binary-expr","locations":[{"start":{"line":59,"column":14},"end":{"line":59,"column":21}},{"start":{"line":59,"column":25},"end":{"line":59,"column":27}}]},"2":{"line":60,"type":"binary-expr","locations":[{"start":{"line":60,"column":21},"end":{"line":60,"column":35}},{"start":{"line":60,"column":39},"end":{"line":60,"column":43}}]},"3":{"line":61,"type":"binary-expr","locations":[{"start":{"line":61,"column":19},"end":{"line":61,"column":31}},{"start":{"line":61,"column":35},"end":{"line":61,"column":39}}]},"4":{"line":62,"type":"binary-expr","locations":[{"start":{"line":62,"column":17},"end":{"line":62,"column":27}},{"start":{"line":62,"column":31},"end":{"line":62,"column":66}}]},"5":{"line":63,"type":"binary-expr","locations":[{"start":{"line":63,"column":21},"end":{"line":63,"column":35}},{"start":{"line":63,"column":39},"end":{"line":63,"column":42}}]},"6":{"line":64,"type":"binary-expr","locations":[{"start":{"line":64,"column":18},"end":{"line":64,"column":29}},{"start":{"line":64,"column":33},"end":{"line":64,"column":45}}]}},"code":["/**"," * Datafeed"," */"," module.exports = function ($u) {","/**"," * @method yahooSync"," * @summary Download CSV Yahoo Finance historical (sync request)"," * @description Download CSV Yahoo Finance historical. Returns an object:"," * "," * {"," *   'symbol': options.symbol,"," *   'from': options.from,"," *   'to': options.to,"," *   'period': options.period,"," *   'date': nDate,"," *   'open': nOpen,"," *   'high': nHigh,"," *   'low': nLow,"," *   'close': nClose,"," *   'volume': nVolume,"," *   'adjclose': nAdjClose"," * }"," *"," * @param {object} options options with fields:"," *                         .symbol Yahoo symbol name"," *                         .from start date"," *                         .to last date"," *                         .period period \"d\",\"w\",\"m\""," *                         .fmt date format (def: \"YYYY-MM-DD\")"," * "," * @return {object} "," *"," * @example"," * var options = { 'symbol': 'AAPL', 'from': '2015-01-02', 'to': '2015-01-08', 'period': 'd', 'fmt': 'YYYY-MM-DD' };"," * "," * ubique.yahooSync.historical(options);"," * //"," * // { symbol: 'AAPL',"," * //     from: '2015-01-02',"," * //       to: '2015-01-08',"," * //   period: 'd',"," * //     date: [ '2015-01-02',"," * //             '2015-01-05',"," * //             '2015-01-06',"," * //             '2015-01-07',"," * //             '2015-01-08' ],"," * //             open: [ 111.39, 108.29, 106.54, 107.2, 109.23 ],"," * //             high: [ 111.44, 108.65, 107.43, 108.2, 112.15 ],"," * //             low: [ 107.35, 105.41, 104.63, 106.7, 108.7 ],"," * //             close: [ 109.33, 106.25, 106.26, 107.75, 111.89 ],"," * //             volume: [ 53204600, 64285500, 65797100, 40105900, 59364500 ],"," * //             adjclose: [ 108.44723, 105.3921, 105.40202, 106.87998, 110.98656 ] }"," */"," $u.yahooSync = {","  histurl: 'http://real-chart.finance.yahoo.com/table.csv?',","  ip: '',","  port: '',","  historical: function(options) {","    options = options || {};","    options.symbol = options.symbol || null;","    options.from = options.from || null;","    options.to = options.to || $u.datestr($u.today(),'YYYY-MM-DD');","    options.period = options.period || 'd';","    options.fmt = options.fmt || 'YYYY-MM-DD';","","    var D = {};","    var dates = [];","    var values = [];","    var sdt = $u.datevec(options.from,options.fmt);","    var edt = $u.datevec(options.to,options.fmt);","","  // set URL string","  var cvsdata = {};","  var urlxp = '&ignore=.csv';","  var urlsym = '&s=' + options.symbol.toUpperCase();","  var urlfrom = '&a=' + (sdt[1] - 1) + '&b=' + sdt[2] + '&c=' + sdt[0];","  var urlto = '&d=' + (edt[1] - 1) + '&e=' + edt[2] + '&f=' + edt[0];","  var urlperiod = '&g=' + options.period;","  var URL = this.histurl + urlsym + urlfrom + urlto + urlperiod;","","  var res = $u.__syncrequest('GET',URL);","","  cvsdata =  res.body.toString().trim().split('\\n');","  var header = cvsdata.shift().split(',');","  var nDate = [];","  var nOpen = [];","  var nHigh = [];","  var nLow = [];","  var nClose = [];","  var nVolume = [];","  var nAdjClose = [];","","  cvsdata.sort().map(function(el) {","    var temp = el.split(',');","    nDate.push(temp[0]);","    nOpen.push(Number(temp[1]));","    nHigh.push(Number(temp[2]));","    nLow.push(Number(temp[3]));","    nClose.push(Number(temp[4]));","    nVolume.push(Number(temp[5]));","    nAdjClose.push(Number(temp[6]));","  });","","  D = {","    'symbol': options.symbol,","    'from': options.from,","    'to': options.to,","    'period': options.period,","    'date': nDate,","    'open': nOpen,","    'high': nHigh,","    'low': nLow,","    'close': nClose,","    'volume': nVolume,","    'adjclose': nAdjClose","  };","  return D;","","}","}","","}"],"l":{"4":1,"54":1,"59":0,"60":0,"61":0,"62":0,"63":0,"64":0,"66":0,"67":0,"68":0,"69":0,"70":0,"73":0,"74":0,"75":0,"76":0,"77":0,"78":0,"79":0,"81":0,"83":0,"84":0,"85":0,"86":0,"87":0,"88":0,"89":0,"90":0,"91":0,"93":0,"94":0,"95":0,"96":0,"97":0,"98":0,"99":0,"100":0,"101":0,"104":0,"117":0}},"/home/travis/build/npmtest/node-npmtest-ubique/node_modules/ubique/lib/infoubique.js":{"path":"/home/travis/build/npmtest/node-npmtest-ubique/node_modules/ubique/lib/infoubique.js","s":{},"b":{},"f":{},"fnMap":{},"statementMap":{},"branchMap":{},"code":["/**"," * name: #name"," * version: #version"," * update date: #last_update"," * "," * author: #author"," * homepage: #homepage"," * "," * description: #description"," * "," *"," * The MIT License (MIT)"," * "," * Copyright© 2014-2015 Max Todaro"," * "," * Permission is hereby granted, free of charge, to any person obtaining a copy"," * of this software and associated documentation files (the \"Software\"), to deal"," * in the Software without restriction, including without limitation the rights"," * to use, copy, modify, merge, publish, distribute, sublicense, and/or sell"," * copies of the Software, and to permit persons to whom the Software is"," * furnished to do so, subject to the following conditions:"," * "," * The above copyright notice and this permission notice shall be included in all"," * copies or substantial portions of the Software."," *"," * THE SOFTWARE IS PROVIDED \"AS IS\", WITHOUT WARRANTY OF ANY KIND, EXPRESS OR"," * IMPLIED, INCLUDING BUT NOT LIMITED TO THE WARRANTIES OF MERCHANTABILITY,"," * FITNESS FOR A PARTICULAR PURPOSE AND NONINFRINGEMENT. IN NO EVENT SHALL THE"," * AUTHORS OR COPYRIGHT HOLDERS BE LIABLE FOR ANY CLAIM, DAMAGES OR OTHER"," * LIABILITY, WHETHER IN AN ACTION OF CONTRACT, TORT OR OTHERWISE, ARISING FROM,"," * OUT OF OR IN CONNECTION WITH THE SOFTWARE OR THE USE OR OTHER DEALINGS IN THE"," * SOFTWARE."," */",""],"l":{}}}